0.8217 	WARNING 	We strongly recommend you activate the PTB sound engine in PsychoPy prefs as the preferred audio engine. Its timing is vastly superior. Your prefs are currently set to use ['sounddevice', 'PTB', 'pyo', 'pygame'] (in that order).
2.8019 	WARNING 	Font Manager failed to load file C:\WINDOWS\Fonts\mstmc.ttf
2.9813 	WARNING 	Font Manager failed to load file C:\WINDOWS\Fonts\mstmc.ttf
29.5791 	WARNING 	User requested fullscreen with size [1200  500], but screen is actually [1920, 1080]. Using actual size
34.2622 	EXP 	Created window1 = Window(allowGUI=False, allowStencil=False, autoLog=True, backendConf=UNKNOWN, bitsMode=UNKNOWN, blendMode='avg', bpc=(8, 8, 8), color=array([-1., -1., -1.]), colorSpace='rgb', depthBits=8, fullscr=<method-wrapper '__getattribute__' of attributeSetter object at 0x0000018B2099E7B8>, gamma=None, gammaErrorPolicy='raise', lms=UNKNOWN, monitor=<psychopy.monitors.calibTools.Monitor object at 0x0000018B209EEAC8>, multiSample=False, name='window1', numSamples=2, pos=[0.0, 0.0], screen=0, size=array([1920, 1080]), stencilBits=0, stereo=False, units='height', useFBO=True, useRetina=False, viewOri=0.0, viewPos=None, viewScale=None, waitBlanking=True, winType='pyglet')
34.3662 	EXP 	window1: mouseVisible = True
34.3662 	EXP 	window1: recordFrameIntervals = False
34.4949 	EXP 	window1: recordFrameIntervals = True
34.6783 	EXP 	window1: recordFrameIntervals = False
35.5114 	EXP 	Created Cue = ImageStim(__class__=<class 'psychopy.visual.image.ImageStim'>, autoLog=True, color=array([1., 1., 1.]), colorSpace='rgb', contrast=1.0, depth=0.0, flipHoriz=False, flipVert=False, image='Task samples/cue.png', interpolate=True, mask=None, maskParams=None, name='Cue', opacity=1, ori=0.0, pos=array([0., 0.]), size=array([0.8, 0.7]), texRes=128.0, units='height', win=Window(...))
35.8949 	EXP 	Created instructions = TextStim(__class__=<class 'psychopy.visual.text.TextStim'>, alignHoriz=method-wrapper(...), alignText='center', alignVert=method-wrapper(...), anchorHoriz='center', anchorVert='center', antialias=True, autoLog=True, bold=False, color=array([1., 1., 1.]), colorSpace='rgb', contrast=1.0, depth=-1.0, flipHoriz=False, flipVert=False, font='Open Sans', fontFiles=[], height=0.07, italic=False, languageStyle='LTR', name='instructions', opacity=1, ori=0.0, pos=array([0., 0.]), rgb=UNKNOWN, text=str(...), units='height', win=Window(...), wrapWidth=1)
36.0004 	EXP 	Created Fixation1 = ImageStim(__class__=<class 'psychopy.visual.image.ImageStim'>, autoLog=True, color=array([1., 1., 1.]), colorSpace='rgb', contrast=1.0, depth=0.0, flipHoriz=False, flipVert=False, image='Task samples/Fixation.png', interpolate=True, mask=None, maskParams=None, name='Fixation1', opacity=1, ori=0.0, pos=array([0., 0.]), size=array([0.8, 0.7]), texRes=128.0, units='height', win=Window(...))
36.1922 	EXP 	Created Fixation1 = ImageStim(__class__=<class 'psychopy.visual.image.ImageStim'>, autoLog=True, color=array([1., 1., 1.]), colorSpace='rgb', contrast=1.0, depth=0.0, flipHoriz=False, flipVert=False, image='Task samples/Fixation.png', interpolate=True, mask=None, maskParams=None, name='Fixation1', opacity=1, ori=0.0, pos=array([0., 0.]), size=array([0.8, 0.7]), texRes=128.0, units='height', win=Window(...))
36.1973 	EXP 	Created graphic_img = ImageStim(__class__=<class 'psychopy.visual.image.ImageStim'>, autoLog=True, color=array([1., 1., 1.]), colorSpace='rgb', contrast=1.0, depth=-1.0, flipHoriz=False, flipVert=False, image='sin', interpolate=True, mask=None, maskParams=None, name='graphic_img', opacity=1, ori=0.0, pos=array([0., 0.]), size=array([0.8, 0.7]), texRes=128.0, units='height', win=Window(...))
36.3973 	EXP 	Created Fixation2 = ImageStim(__class__=<class 'psychopy.visual.image.ImageStim'>, autoLog=True, color=array([1., 1., 1.]), colorSpace='rgb', contrast=1.0, depth=0.0, flipHoriz=False, flipVert=False, image='Task samples/Fixation.png', interpolate=True, mask=None, maskParams=None, name='Fixation2', opacity=1, ori=0.0, pos=array([0., 0.]), size=array([0.8, 0.7]), texRes=128.0, units='height', win=Window(...))
36.4026 	EXP 	Created number_img = ImageStim(__class__=<class 'psychopy.visual.image.ImageStim'>, autoLog=True, color=array([1., 1., 1.]), colorSpace='rgb', contrast=1.0, depth=-1.0, flipHoriz=False, flipVert=False, image='sin', interpolate=True, mask=None, maskParams=None, name='number_img', opacity=1, ori=0.0, pos=array([0., 0.]), size=array([0.8, 0.7]), texRes=128.0, units='height', win=Window(...))
36.5613 	EXP 	Cue: autoDraw = True
37.3943 	EXP 	instructions: autoDraw = True
37.5608 	EXP 	Cue: autoDraw = False
39.5631 	DATA 	Keypress: 1
40.0295 	DATA 	Keypress: space
43.5764 	EXP 	Imported task_conditions.xlsx as conditions, 29 conditions, 2 params
43.6243 	EXP 	Created sequence: random, trialTypes=29, nReps=1, seed=None
43.6245 	EXP 	New trial (rep=0, index=0): {'images': 'Task samples\\相同颜色及位置2.png', 'correctAns': 2}
43.6689 	EXP 	instructions: autoDraw = False
43.6689 	EXP 	Cue: autoDraw = False
43.6689 	EXP 	instructions: autoDraw = False
43.6689 	EXP 	graphic_img: image = 'Task samples\\相同颜色及位置2.png'
43.6689 	EXP 	Fixation1: autoDraw = True
44.6591 	EXP 	graphic_img: autoDraw = True
44.6744 	EXP 	Fixation1: autoDraw = False
45.2788 	DATA 	Keypress: 1
50.9239 	DATA 	Keypress: space
52.4049 	EXP 	New trial (rep=0, index=1): {'images': 'Task samples\\相同位置及边数7.png', 'correctAns': 1}
52.5228 	EXP 	Fixation1: autoDraw = False
52.5228 	EXP 	graphic_img: autoDraw = False
52.5228 	EXP 	graphic_img: image = 'Task samples\\相同位置及边数7.png'
52.5228 	EXP 	Fixation1: autoDraw = True
53.1556 	DATA 	Keypress: 1
53.5214 	EXP 	graphic_img: autoDraw = True
53.5365 	EXP 	Fixation1: autoDraw = False
53.9400 	DATA 	Keypress: 1
54.7550 	DATA 	Keypress: escape
56.2572 	EXP 	window1: mouseVisible = True
