1.7908 	WARNING 	We strongly recommend you activate the PTB sound engine in PsychoPy prefs as the preferred audio engine. Its timing is vastly superior. Your prefs are currently set to use ['sounddevice', 'PTB', 'pyo', 'pygame'] (in that order).
57.0290 	EXP 	Created window1 = Window(allowGUI=False, allowStencil=False, autoLog=True, backendConf=UNKNOWN, bitsMode=UNKNOWN, blendMode='avg', bpc=(8, 8, 8), color=array([-1., -1., -1.]), colorSpace='rgb', depthBits=8, fullscr=<method-wrapper '__getattribute__' of attributeSetter object at 0x000001E73B3B66A0>, gamma=None, gammaErrorPolicy='raise', lms=UNKNOWN, monitor=<psychopy.monitors.calibTools.Monitor object at 0x000001E73B44B588>, multiSample=False, name='window1', numSamples=2, pos=[360.0, 290.0], screen=0, size=array([1200,  500]), stencilBits=0, stereo=False, units='height', useFBO=True, useRetina=False, viewOri=0.0, viewPos=None, viewScale=None, waitBlanking=True, winType='pyglet')
57.0296 	EXP 	window1: mouseVisible = True
57.0296 	EXP 	window1: recordFrameIntervals = False
57.1946 	EXP 	window1: recordFrameIntervals = True
57.4449 	EXP 	window1: recordFrameIntervals = False
57.8165 	EXP 	Created Cue = ImageStim(__class__=<class 'psychopy.visual.image.ImageStim'>, autoLog=True, color=array([1., 1., 1.]), colorSpace='rgb', contrast=1.0, depth=0.0, flipHoriz=False, flipVert=False, image='Task samples/cue.png', interpolate=True, mask=None, maskParams=None, name='Cue', opacity=1, ori=0.0, pos=array([0., 0.]), size=array([0.8, 0.7]), texRes=128.0, units='height', win=Window(...))
57.9202 	EXP 	Created instructions = TextStim(__class__=<class 'psychopy.visual.text.TextStim'>, alignHoriz=method-wrapper(...), alignText='center', alignVert=method-wrapper(...), anchorHoriz='center', anchorVert='center', antialias=True, autoLog=True, bold=False, color=array([1., 1., 1.]), colorSpace='rgb', contrast=1.0, depth=-1.0, flipHoriz=False, flipVert=False, font='Open Sans', fontFiles=[], height=0.07, italic=False, languageStyle='LTR', name='instructions', opacity=1, ori=0.0, pos=array([0., 0.]), rgb=UNKNOWN, text=str(...), units='height', win=Window(...), wrapWidth=1)
57.9851 	EXP 	Created Fixation1 = ImageStim(__class__=<class 'psychopy.visual.image.ImageStim'>, autoLog=True, color=array([1., 1., 1.]), colorSpace='rgb', contrast=1.0, depth=0.0, flipHoriz=False, flipVert=False, image='Task samples/Fixation.png', interpolate=True, mask=None, maskParams=None, name='Fixation1', opacity=1, ori=0.0, pos=array([0., 0.]), size=array([0.8, 0.7]), texRes=128.0, units='height', win=Window(...))
58.0505 	EXP 	Created Fixation1 = ImageStim(__class__=<class 'psychopy.visual.image.ImageStim'>, autoLog=True, color=array([1., 1., 1.]), colorSpace='rgb', contrast=1.0, depth=0.0, flipHoriz=False, flipVert=False, image='Task samples/Fixation.png', interpolate=True, mask=None, maskParams=None, name='Fixation1', opacity=1, ori=0.0, pos=array([0., 0.]), size=array([0.8, 0.7]), texRes=128.0, units='height', win=Window(...))
58.0543 	EXP 	Created graphic_img = ImageStim(__class__=<class 'psychopy.visual.image.ImageStim'>, autoLog=True, color=array([1., 1., 1.]), colorSpace='rgb', contrast=1.0, depth=-1.0, flipHoriz=False, flipVert=False, image='sin', interpolate=True, mask=None, maskParams=None, name='graphic_img', opacity=1, ori=0.0, pos=array([0., 0.]), size=array([0.8, 0.7]), texRes=128.0, units='height', win=Window(...))
58.1129 	EXP 	Created Fixation2 = ImageStim(__class__=<class 'psychopy.visual.image.ImageStim'>, autoLog=True, color=array([1., 1., 1.]), colorSpace='rgb', contrast=1.0, depth=0.0, flipHoriz=False, flipVert=False, image='Task samples/Fixation.png', interpolate=True, mask=None, maskParams=None, name='Fixation2', opacity=1, ori=0.0, pos=array([0., 0.]), size=array([0.8, 0.7]), texRes=128.0, units='height', win=Window(...))
58.1164 	EXP 	Created number_img = ImageStim(__class__=<class 'psychopy.visual.image.ImageStim'>, autoLog=True, color=array([1., 1., 1.]), colorSpace='rgb', contrast=1.0, depth=-1.0, flipHoriz=False, flipVert=False, image='sin', interpolate=True, mask=None, maskParams=None, name='number_img', opacity=1, ori=0.0, pos=array([0., 0.]), size=array([0.8, 0.7]), texRes=128.0, units='height', win=Window(...))
58.2503 	EXP 	Cue: autoDraw = True
59.1137 	EXP 	instructions: autoDraw = True
59.2631 	EXP 	Cue: autoDraw = False
65.1383 	EXP 	Imported task_conditions.xlsx as conditions, 29 conditions, 2 params
65.1390 	EXP 	Created sequence: random, trialTypes=29, nReps=1, seed=None
65.1395 	EXP 	New trial (rep=0, index=0): {'images': 'Task samples\\相同颜色及位置5.png', 'correctAns': 1}
65.1950 	EXP 	instructions: autoDraw = False
65.1950 	EXP 	Cue: autoDraw = False
65.1950 	EXP 	instructions: autoDraw = False
65.1950 	EXP 	graphic_img: image = 'Task samples\\相同颜色及位置5.png'
65.1950 	EXP 	Fixation1: autoDraw = True
65.1950 	EXP 	Fixation1: autoDraw = True
65.2028 	EXP 	Fixation1: autoDraw = True
65.2183 	EXP 	Fixation1: autoDraw = True
65.2351 	EXP 	Fixation1: autoDraw = True
65.2524 	EXP 	Fixation1: autoDraw = True
65.2692 	EXP 	Fixation1: autoDraw = True
65.2858 	EXP 	Fixation1: autoDraw = True
65.3025 	EXP 	Fixation1: autoDraw = True
65.3192 	EXP 	Fixation1: autoDraw = True
65.3359 	EXP 	Fixation1: autoDraw = True
65.3526 	EXP 	Fixation1: autoDraw = True
65.3720 	EXP 	Fixation1: autoDraw = True
65.3859 	EXP 	Fixation1: autoDraw = True
65.4054 	EXP 	Fixation1: autoDraw = True
65.4192 	EXP 	Fixation1: autoDraw = True
65.4360 	EXP 	Fixation1: autoDraw = True
65.4526 	EXP 	Fixation1: autoDraw = True
65.4693 	EXP 	Fixation1: autoDraw = True
65.4861 	EXP 	Fixation1: autoDraw = True
65.5028 	EXP 	Fixation1: autoDraw = True
65.5194 	EXP 	Fixation1: autoDraw = True
65.5360 	EXP 	Fixation1: autoDraw = True
65.5527 	EXP 	Fixation1: autoDraw = True
65.5694 	EXP 	Fixation1: autoDraw = True
65.5854 	EXP 	Fixation1: autoDraw = True
65.6021 	EXP 	Fixation1: autoDraw = True
65.6188 	EXP 	Fixation1: autoDraw = True
65.6355 	EXP 	Fixation1: autoDraw = True
65.6538 	EXP 	Fixation1: autoDraw = True
65.6688 	EXP 	Fixation1: autoDraw = True
65.6872 	EXP 	Fixation1: autoDraw = True
65.7022 	EXP 	Fixation1: autoDraw = True
65.7189 	EXP 	Fixation1: autoDraw = True
65.7355 	EXP 	Fixation1: autoDraw = True
65.7522 	EXP 	Fixation1: autoDraw = True
65.7706 	EXP 	Fixation1: autoDraw = True
65.7863 	EXP 	Fixation1: autoDraw = True
65.8029 	EXP 	Fixation1: autoDraw = True
65.8196 	EXP 	Fixation1: autoDraw = True
65.8364 	EXP 	Fixation1: autoDraw = True
65.8530 	EXP 	Fixation1: autoDraw = True
65.8697 	EXP 	Fixation1: autoDraw = True
65.9860 	EXP 	Fixation1: autoDraw = True
66.0032 	EXP 	Fixation1: autoDraw = True
66.0197 	EXP 	Fixation1: autoDraw = True
66.0364 	EXP 	Fixation1: autoDraw = True
66.0546 	EXP 	Fixation1: autoDraw = True
66.0699 	EXP 	Fixation1: autoDraw = True
66.0866 	EXP 	Fixation1: autoDraw = True
66.1032 	EXP 	Fixation1: autoDraw = True
66.1199 	EXP 	Fixation1: autoDraw = True
66.1366 	EXP 	Fixation1: autoDraw = True
66.1533 	EXP 	Fixation1: autoDraw = True
66.1745 	EXP 	graphic_img: autoDraw = True
66.1745 	EXP 	Fixation1: autoDraw = True
66.1870 	EXP 	Fixation1: autoDraw = True
66.2048 	EXP 	Fixation1: autoDraw = False
66.2048 	EXP 	Fixation1: autoDraw = True
66.2200 	EXP 	Fixation1: autoDraw = True
66.2367 	EXP 	Fixation1: autoDraw = True
66.2533 	EXP 	Fixation1: autoDraw = True
66.2726 	EXP 	Fixation1: autoDraw = True
66.2867 	EXP 	Fixation1: autoDraw = True
66.3040 	EXP 	Fixation1: autoDraw = True
66.3202 	EXP 	Fixation1: autoDraw = True
66.3368 	EXP 	Fixation1: autoDraw = True
66.3535 	EXP 	Fixation1: autoDraw = True
66.3703 	EXP 	Fixation1: autoDraw = True
66.3868 	EXP 	Fixation1: autoDraw = True
66.4036 	EXP 	Fixation1: autoDraw = True
66.4203 	EXP 	Fixation1: autoDraw = True
66.4369 	EXP 	Fixation1: autoDraw = True
66.4562 	EXP 	Fixation1: autoDraw = True
66.4702 	EXP 	Fixation1: autoDraw = True
66.4879 	EXP 	Fixation1: autoDraw = True
66.5035 	EXP 	Fixation1: autoDraw = True
66.5201 	EXP 	Fixation1: autoDraw = True
66.5370 	EXP 	Fixation1: autoDraw = True
66.5536 	EXP 	Fixation1: autoDraw = True
66.5702 	EXP 	Fixation1: autoDraw = True
66.5863 	EXP 	Fixation1: autoDraw = True
66.6047 	EXP 	Fixation1: autoDraw = True
66.6195 	EXP 	Fixation1: autoDraw = True
66.6363 	EXP 	Fixation1: autoDraw = True
66.6529 	EXP 	Fixation1: autoDraw = True
66.6721 	EXP 	Fixation1: autoDraw = True
66.6880 	EXP 	Fixation1: autoDraw = True
66.7029 	EXP 	Fixation1: autoDraw = True
66.7195 	EXP 	Fixation1: autoDraw = True
66.7364 	EXP 	Fixation1: autoDraw = True
66.7531 	EXP 	Fixation1: autoDraw = True
66.7698 	EXP 	Fixation1: autoDraw = True
66.7871 	EXP 	Fixation1: autoDraw = True
66.8039 	EXP 	Fixation1: autoDraw = True
66.9207 	EXP 	Fixation1: autoDraw = True
66.9374 	EXP 	Fixation1: autoDraw = True
66.9540 	EXP 	Fixation1: autoDraw = True
66.9706 	EXP 	Fixation1: autoDraw = True
66.9873 	EXP 	Fixation1: autoDraw = True
67.0040 	EXP 	Fixation1: autoDraw = True
67.0207 	EXP 	Fixation1: autoDraw = True
67.0374 	EXP 	Fixation1: autoDraw = True
67.0556 	EXP 	Fixation1: autoDraw = True
67.0723 	EXP 	Fixation1: autoDraw = True
67.0874 	EXP 	Fixation1: autoDraw = True
67.1041 	EXP 	Fixation1: autoDraw = True
67.1217 	EXP 	Fixation1: autoDraw = True
67.1388 	EXP 	Fixation1: autoDraw = True
67.1541 	EXP 	Fixation1: autoDraw = True
67.1708 	EXP 	Fixation1: autoDraw = True
67.1875 	EXP 	Fixation1: autoDraw = True
67.2042 	EXP 	Fixation1: autoDraw = True
67.2208 	EXP 	Fixation1: autoDraw = True
67.2376 	EXP 	Fixation1: autoDraw = True
67.2543 	EXP 	Fixation1: autoDraw = True
67.2709 	EXP 	Fixation1: autoDraw = True
67.2876 	EXP 	Fixation1: autoDraw = True
67.3043 	EXP 	Fixation1: autoDraw = True
67.3231 	EXP 	Fixation1: autoDraw = True
67.3376 	EXP 	Fixation1: autoDraw = True
67.3563 	EXP 	Fixation1: autoDraw = True
67.3709 	EXP 	Fixation1: autoDraw = True
67.3875 	EXP 	Fixation1: autoDraw = True
67.4045 	EXP 	Fixation1: autoDraw = True
67.4212 	EXP 	Fixation1: autoDraw = True
67.4377 	EXP 	Fixation1: autoDraw = True
67.4544 	EXP 	Fixation1: autoDraw = True
67.4705 	EXP 	Fixation1: autoDraw = True
67.4871 	EXP 	Fixation1: autoDraw = True
67.5038 	EXP 	Fixation1: autoDraw = True
67.5205 	EXP 	Fixation1: autoDraw = True
67.5371 	EXP 	Fixation1: autoDraw = True
67.5537 	EXP 	Fixation1: autoDraw = True
67.5722 	EXP 	Fixation1: autoDraw = True
67.5878 	EXP 	Fixation1: autoDraw = True
67.6046 	EXP 	Fixation1: autoDraw = True
67.6214 	EXP 	Fixation1: autoDraw = True
67.6379 	EXP 	Fixation1: autoDraw = True
67.6562 	EXP 	Fixation1: autoDraw = True
67.6712 	EXP 	Fixation1: autoDraw = True
67.6879 	EXP 	Fixation1: autoDraw = True
67.7047 	EXP 	Fixation1: autoDraw = True
67.7214 	EXP 	Fixation1: autoDraw = True
67.7381 	EXP 	Fixation1: autoDraw = True
67.7574 	EXP 	Fixation1: autoDraw = True
67.7707 	EXP 	Fixation1: autoDraw = True
67.7880 	EXP 	Fixation1: autoDraw = True
67.8040 	EXP 	Fixation1: autoDraw = True
67.8208 	EXP 	Fixation1: autoDraw = True
67.8374 	EXP 	Fixation1: autoDraw = True
67.8558 	EXP 	Fixation1: autoDraw = True
67.8709 	EXP 	Fixation1: autoDraw = True
67.8876 	EXP 	Fixation1: autoDraw = True
67.9059 	EXP 	Fixation1: autoDraw = True
67.9208 	EXP 	Fixation1: autoDraw = True
67.9375 	EXP 	Fixation1: autoDraw = True
67.9576 	EXP 	Fixation1: autoDraw = True
67.9725 	EXP 	Fixation1: autoDraw = True
67.9881 	EXP 	Fixation1: autoDraw = True
68.0049 	EXP 	Fixation1: autoDraw = True
68.0215 	EXP 	Fixation1: autoDraw = True
68.0382 	EXP 	Fixation1: autoDraw = True
68.0551 	EXP 	Fixation1: autoDraw = True
68.0717 	EXP 	Fixation1: autoDraw = True
68.0883 	EXP 	Fixation1: autoDraw = True
68.1066 	EXP 	Fixation1: autoDraw = True
68.1216 	EXP 	Fixation1: autoDraw = True
68.1382 	EXP 	Fixation1: autoDraw = True
68.1566 	EXP 	Fixation1: autoDraw = True
68.1716 	EXP 	Fixation1: autoDraw = True
68.1884 	EXP 	Fixation1: autoDraw = True
68.2069 	EXP 	Fixation1: autoDraw = True
68.2218 	EXP 	Fixation1: autoDraw = True
68.2384 	EXP 	Fixation1: autoDraw = True
68.2552 	EXP 	Fixation1: autoDraw = True
68.2717 	EXP 	Fixation1: autoDraw = True
68.2885 	EXP 	Fixation1: autoDraw = True
68.3052 	EXP 	Fixation1: autoDraw = True
68.3219 	EXP 	Fixation1: autoDraw = True
68.3401 	EXP 	Fixation1: autoDraw = True
68.3553 	EXP 	Fixation1: autoDraw = True
68.3719 	EXP 	Fixation1: autoDraw = True
68.3886 	EXP 	Fixation1: autoDraw = True
68.4053 	EXP 	Fixation1: autoDraw = True
68.4255 	EXP 	Fixation1: autoDraw = True
68.4389 	EXP 	Fixation1: autoDraw = True
68.4552 	EXP 	Fixation1: autoDraw = True
68.4720 	EXP 	Fixation1: autoDraw = True
68.4887 	EXP 	Fixation1: autoDraw = True
68.5053 	EXP 	Fixation1: autoDraw = True
68.5220 	EXP 	Fixation1: autoDraw = True
68.5403 	EXP 	Fixation1: autoDraw = True
68.5554 	EXP 	Fixation1: autoDraw = True
68.5721 	EXP 	Fixation1: autoDraw = True
68.5911 	EXP 	Fixation1: autoDraw = True
68.6079 	EXP 	Fixation1: autoDraw = True
68.6219 	EXP 	Fixation1: autoDraw = True
68.6388 	EXP 	Fixation1: autoDraw = True
68.6546 	EXP 	Fixation1: autoDraw = True
68.6714 	EXP 	Fixation1: autoDraw = True
68.6882 	EXP 	Fixation1: autoDraw = True
68.8051 	EXP 	Fixation1: autoDraw = True
68.8223 	EXP 	Fixation1: autoDraw = True
68.8388 	EXP 	Fixation1: autoDraw = True
68.8556 	EXP 	Fixation1: autoDraw = True
68.8740 	EXP 	Fixation1: autoDraw = True
68.8889 	EXP 	Fixation1: autoDraw = True
68.9057 	EXP 	Fixation1: autoDraw = True
68.9224 	EXP 	Fixation1: autoDraw = True
68.9389 	EXP 	Fixation1: autoDraw = True
68.9558 	EXP 	Fixation1: autoDraw = True
68.9724 	EXP 	Fixation1: autoDraw = True
68.9892 	EXP 	Fixation1: autoDraw = True
69.0058 	EXP 	Fixation1: autoDraw = True
69.0224 	EXP 	Fixation1: autoDraw = True
69.0392 	EXP 	Fixation1: autoDraw = True
69.0575 	EXP 	Fixation1: autoDraw = True
69.0731 	EXP 	Fixation1: autoDraw = True
69.0909 	EXP 	Fixation1: autoDraw = True
69.1067 	EXP 	Fixation1: autoDraw = True
69.1227 	EXP 	Fixation1: autoDraw = True
69.1408 	EXP 	Fixation1: autoDraw = True
69.1559 	EXP 	Fixation1: autoDraw = True
69.1726 	EXP 	Fixation1: autoDraw = True
69.1894 	EXP 	Fixation1: autoDraw = True
69.2089 	EXP 	Fixation1: autoDraw = True
69.2228 	EXP 	Fixation1: autoDraw = True
69.2393 	EXP 	Fixation1: autoDraw = True
69.2560 	EXP 	Fixation1: autoDraw = True
69.2744 	EXP 	Fixation1: autoDraw = True
69.2894 	EXP 	Fixation1: autoDraw = True
69.2946 	DATA 	Keypress: 1
69.3066 	EXP 	Fixation1: autoDraw = True
69.4228 	EXP 	Fixation1: autoDraw = True
69.4391 	EXP 	Fixation1: autoDraw = True
69.4557 	EXP 	Fixation1: autoDraw = True
69.4723 	EXP 	Fixation1: autoDraw = True
69.4891 	EXP 	Fixation1: autoDraw = True
69.5057 	EXP 	Fixation1: autoDraw = True
69.5239 	EXP 	Fixation1: autoDraw = True
69.5391 	EXP 	Fixation1: autoDraw = True
69.5559 	EXP 	Fixation1: autoDraw = True
69.5726 	EXP 	Fixation1: autoDraw = True
69.5916 	EXP 	Fixation1: autoDraw = True
69.6069 	EXP 	Fixation1: autoDraw = True
69.6234 	EXP 	Fixation1: autoDraw = True
69.6399 	EXP 	Fixation1: autoDraw = True
69.6569 	EXP 	Fixation1: autoDraw = True
69.6734 	EXP 	Fixation1: autoDraw = True
69.6900 	EXP 	Fixation1: autoDraw = True
69.7067 	EXP 	Fixation1: autoDraw = True
69.7243 	EXP 	Fixation1: autoDraw = True
69.7407 	EXP 	Fixation1: autoDraw = True
69.7567 	EXP 	Fixation1: autoDraw = True
69.7734 	EXP 	Fixation1: autoDraw = True
69.7901 	EXP 	Fixation1: autoDraw = True
69.8065 	EXP 	Fixation1: autoDraw = True
69.8233 	EXP 	Fixation1: autoDraw = True
69.8399 	EXP 	Fixation1: autoDraw = True
69.8581 	EXP 	Fixation1: autoDraw = True
69.8732 	EXP 	Fixation1: autoDraw = True
69.8900 	EXP 	Fixation1: autoDraw = True
69.9066 	EXP 	Fixation1: autoDraw = True
69.9233 	EXP 	Fixation1: autoDraw = True
69.9405 	EXP 	Fixation1: autoDraw = True
69.9584 	EXP 	Fixation1: autoDraw = True
69.9733 	EXP 	Fixation1: autoDraw = True
69.9901 	EXP 	Fixation1: autoDraw = True
70.0066 	EXP 	Fixation1: autoDraw = True
70.0233 	EXP 	Fixation1: autoDraw = True
70.0400 	EXP 	Fixation1: autoDraw = True
70.0583 	EXP 	Fixation1: autoDraw = True
70.0735 	EXP 	Fixation1: autoDraw = True
70.0902 	EXP 	Fixation1: autoDraw = True
70.1061 	EXP 	Fixation1: autoDraw = True
70.1227 	EXP 	Fixation1: autoDraw = True
70.1407 	EXP 	Fixation1: autoDraw = True
70.1579 	EXP 	Fixation1: autoDraw = True
70.1732 	EXP 	Fixation1: autoDraw = True
70.1901 	EXP 	Fixation1: autoDraw = True
70.2067 	EXP 	Fixation1: autoDraw = True
70.2236 	EXP 	Fixation1: autoDraw = True
70.2402 	EXP 	Fixation1: autoDraw = True
70.2571 	EXP 	Fixation1: autoDraw = True
70.2737 	EXP 	Fixation1: autoDraw = True
70.2903 	EXP 	Fixation1: autoDraw = True
70.3070 	EXP 	Fixation1: autoDraw = True
70.3238 	EXP 	Fixation1: autoDraw = True
70.3403 	EXP 	Fixation1: autoDraw = True
70.3582 	EXP 	Fixation1: autoDraw = True
70.3743 	EXP 	Fixation1: autoDraw = True
70.3903 	EXP 	Fixation1: autoDraw = True
70.4069 	EXP 	Fixation1: autoDraw = True
70.4237 	EXP 	Fixation1: autoDraw = True
70.4403 	EXP 	Fixation1: autoDraw = True
70.4571 	EXP 	Fixation1: autoDraw = True
70.4738 	EXP 	Fixation1: autoDraw = True
70.4905 	EXP 	Fixation1: autoDraw = True
70.5071 	EXP 	Fixation1: autoDraw = True
70.5248 	EXP 	Fixation1: autoDraw = True
70.5398 	EXP 	Fixation1: autoDraw = True
70.5566 	EXP 	Fixation1: autoDraw = True
70.5731 	EXP 	Fixation1: autoDraw = True
70.5908 	EXP 	Fixation1: autoDraw = True
70.6090 	EXP 	Fixation1: autoDraw = True
70.6231 	EXP 	Fixation1: autoDraw = True
70.6398 	EXP 	Fixation1: autoDraw = True
70.6566 	EXP 	Fixation1: autoDraw = True
70.6733 	EXP 	Fixation1: autoDraw = True
70.6900 	EXP 	Fixation1: autoDraw = True
70.7067 	EXP 	Fixation1: autoDraw = True
70.7100 	DATA 	Keypress: 1
70.7234 	EXP 	Fixation1: autoDraw = True
70.7403 	EXP 	Fixation1: autoDraw = True
70.7571 	EXP 	Fixation1: autoDraw = True
70.7736 	EXP 	Fixation1: autoDraw = True
70.7926 	EXP 	Fixation1: autoDraw = True
70.8077 	EXP 	Fixation1: autoDraw = True
70.8244 	EXP 	Fixation1: autoDraw = True
70.8422 	EXP 	Fixation1: autoDraw = True
70.8576 	EXP 	Fixation1: autoDraw = True
70.8748 	EXP 	Fixation1: autoDraw = True
70.8911 	EXP 	Fixation1: autoDraw = True
70.9078 	EXP 	Fixation1: autoDraw = True
70.9246 	EXP 	Fixation1: autoDraw = True
70.9411 	EXP 	Fixation1: autoDraw = True
70.9579 	EXP 	Fixation1: autoDraw = True
70.9744 	EXP 	Fixation1: autoDraw = True
70.9914 	EXP 	Fixation1: autoDraw = True
71.0079 	EXP 	Fixation1: autoDraw = True
71.0262 	EXP 	Fixation1: autoDraw = True
71.0413 	EXP 	Fixation1: autoDraw = True
71.0580 	EXP 	Fixation1: autoDraw = True
71.0757 	EXP 	Fixation1: autoDraw = True
71.0915 	EXP 	Fixation1: autoDraw = True
71.1080 	EXP 	Fixation1: autoDraw = True
71.1247 	EXP 	Fixation1: autoDraw = True
71.1413 	EXP 	Fixation1: autoDraw = True
71.1580 	EXP 	Fixation1: autoDraw = True
71.1747 	EXP 	Fixation1: autoDraw = True
71.1914 	EXP 	Fixation1: autoDraw = True
71.2073 	EXP 	Fixation1: autoDraw = True
71.2240 	EXP 	Fixation1: autoDraw = True
71.2405 	EXP 	Fixation1: autoDraw = True
71.2571 	EXP 	Fixation1: autoDraw = True
71.2755 	EXP 	Fixation1: autoDraw = True
71.2939 	EXP 	Fixation1: autoDraw = True
71.3071 	EXP 	Fixation1: autoDraw = True
71.3265 	EXP 	Fixation1: autoDraw = True
71.3410 	EXP 	Fixation1: autoDraw = True
71.3580 	EXP 	Fixation1: autoDraw = True
71.3746 	EXP 	Fixation1: autoDraw = True
71.3913 	EXP 	Fixation1: autoDraw = True
71.4080 	EXP 	Fixation1: autoDraw = True
71.4246 	EXP 	Fixation1: autoDraw = True
71.4412 	EXP 	Fixation1: autoDraw = True
71.4580 	EXP 	Fixation1: autoDraw = True
71.4747 	EXP 	Fixation1: autoDraw = True
71.4914 	EXP 	Fixation1: autoDraw = True
71.5102 	EXP 	Fixation1: autoDraw = True
71.5283 	EXP 	Fixation1: autoDraw = True
71.5423 	EXP 	Fixation1: autoDraw = True
71.5581 	EXP 	Fixation1: autoDraw = True
71.5747 	EXP 	Fixation1: autoDraw = True
71.5915 	EXP 	Fixation1: autoDraw = True
71.6082 	EXP 	Fixation1: autoDraw = True
71.6248 	EXP 	Fixation1: autoDraw = True
71.6416 	EXP 	Fixation1: autoDraw = True
71.6582 	EXP 	Fixation1: autoDraw = True
71.6765 	EXP 	Fixation1: autoDraw = True
71.6908 	EXP 	Fixation1: autoDraw = True
71.7075 	EXP 	Fixation1: autoDraw = True
71.7249 	EXP 	Fixation1: autoDraw = True
71.7416 	EXP 	Fixation1: autoDraw = True
71.7577 	EXP 	Fixation1: autoDraw = True
71.7743 	EXP 	Fixation1: autoDraw = True
71.7911 	EXP 	Fixation1: autoDraw = True
71.8077 	EXP 	Fixation1: autoDraw = True
71.8260 	EXP 	Fixation1: autoDraw = True
71.8408 	EXP 	Fixation1: autoDraw = True
71.8461 	DATA 	Keypress: 1
71.8579 	EXP 	Fixation1: autoDraw = True
71.8762 	EXP 	Fixation1: autoDraw = True
71.8920 	EXP 	Fixation1: autoDraw = True
71.9087 	EXP 	Fixation1: autoDraw = True
71.9283 	EXP 	Fixation1: autoDraw = True
71.9422 	EXP 	Fixation1: autoDraw = True
71.9591 	EXP 	Fixation1: autoDraw = True
71.9753 	EXP 	Fixation1: autoDraw = True
71.9920 	EXP 	Fixation1: autoDraw = True
72.0089 	EXP 	Fixation1: autoDraw = True
72.0255 	EXP 	Fixation1: autoDraw = True
72.0421 	EXP 	Fixation1: autoDraw = True
72.0606 	EXP 	Fixation1: autoDraw = True
72.0756 	EXP 	Fixation1: autoDraw = True
72.0923 	EXP 	Fixation1: autoDraw = True
72.1089 	EXP 	Fixation1: autoDraw = True
72.1289 	EXP 	Fixation1: autoDraw = True
72.1423 	EXP 	Fixation1: autoDraw = True
72.1593 	EXP 	Fixation1: autoDraw = True
72.1755 	EXP 	Fixation1: autoDraw = True
72.1923 	EXP 	Fixation1: autoDraw = True
72.2090 	EXP 	Fixation1: autoDraw = True
72.2256 	EXP 	Fixation1: autoDraw = True
72.2424 	EXP 	Fixation1: autoDraw = True
72.2591 	EXP 	Fixation1: autoDraw = True
72.2758 	EXP 	Fixation1: autoDraw = True
72.2925 	EXP 	Fixation1: autoDraw = True
72.3091 	EXP 	Fixation1: autoDraw = True
72.3258 	EXP 	Fixation1: autoDraw = True
72.3425 	EXP 	Fixation1: autoDraw = True
72.3610 	EXP 	Fixation1: autoDraw = True
72.3787 	EXP 	Fixation1: autoDraw = True
72.3930 	EXP 	Fixation1: autoDraw = True
72.4089 	EXP 	Fixation1: autoDraw = True
72.4255 	EXP 	Fixation1: autoDraw = True
72.4421 	EXP 	Fixation1: autoDraw = True
72.4589 	EXP 	Fixation1: autoDraw = True
72.4749 	EXP 	Fixation1: autoDraw = True
72.4915 	EXP 	Fixation1: autoDraw = True
72.5099 	EXP 	Fixation1: autoDraw = True
72.5250 	EXP 	Fixation1: autoDraw = True
72.5416 	EXP 	Fixation1: autoDraw = True
72.5599 	EXP 	Fixation1: autoDraw = True
72.5750 	EXP 	Fixation1: autoDraw = True
72.5916 	EXP 	Fixation1: autoDraw = True
72.6098 	EXP 	Fixation1: autoDraw = True
72.6253 	EXP 	Fixation1: autoDraw = True
72.6418 	EXP 	Fixation1: autoDraw = True
72.6583 	EXP 	Fixation1: autoDraw = True
72.6758 	EXP 	Fixation1: autoDraw = True
72.6924 	EXP 	Fixation1: autoDraw = True
72.7091 	EXP 	Fixation1: autoDraw = True
72.7258 	EXP 	Fixation1: autoDraw = True
72.7425 	EXP 	Fixation1: autoDraw = True
72.7593 	EXP 	Fixation1: autoDraw = True
72.7774 	EXP 	Fixation1: autoDraw = True
72.7924 	EXP 	Fixation1: autoDraw = True
72.8093 	EXP 	Fixation1: autoDraw = True
72.8265 	EXP 	Fixation1: autoDraw = True
72.8445 	EXP 	Fixation1: autoDraw = True
72.8592 	EXP 	Fixation1: autoDraw = True
72.8760 	EXP 	Fixation1: autoDraw = True
72.8811 	DATA 	Keypress: 1
72.8930 	EXP 	Fixation1: autoDraw = True
72.9096 	EXP 	Fixation1: autoDraw = True
72.9263 	EXP 	Fixation1: autoDraw = True
72.9429 	EXP 	Fixation1: autoDraw = True
72.9597 	EXP 	Fixation1: autoDraw = True
72.9764 	EXP 	Fixation1: autoDraw = True
72.9931 	EXP 	Fixation1: autoDraw = True
73.0120 	EXP 	Fixation1: autoDraw = True
73.0291 	EXP 	Fixation1: autoDraw = True
73.0443 	EXP 	Fixation1: autoDraw = True
73.0601 	EXP 	Fixation1: autoDraw = True
73.0757 	EXP 	Fixation1: autoDraw = True
73.0923 	EXP 	Fixation1: autoDraw = True
73.1090 	EXP 	Fixation1: autoDraw = True
73.1257 	EXP 	Fixation1: autoDraw = True
73.1423 	EXP 	Fixation1: autoDraw = True
73.1591 	EXP 	Fixation1: autoDraw = True
73.1757 	EXP 	Fixation1: autoDraw = True
73.1925 	EXP 	Fixation1: autoDraw = True
73.2092 	EXP 	Fixation1: autoDraw = True
73.2258 	EXP 	Fixation1: autoDraw = True
73.2424 	EXP 	Fixation1: autoDraw = True
73.2591 	EXP 	Fixation1: autoDraw = True
73.2759 	EXP 	Fixation1: autoDraw = True
73.2926 	EXP 	Fixation1: autoDraw = True
73.3100 	EXP 	Fixation1: autoDraw = True
73.3267 	EXP 	Fixation1: autoDraw = True
73.3434 	EXP 	Fixation1: autoDraw = True
73.3601 	EXP 	Fixation1: autoDraw = True
73.3767 	EXP 	Fixation1: autoDraw = True
73.3935 	EXP 	Fixation1: autoDraw = True
73.4114 	EXP 	Fixation1: autoDraw = True
73.4264 	EXP 	Fixation1: autoDraw = True
73.4431 	EXP 	Fixation1: autoDraw = True
73.4597 	EXP 	Fixation1: autoDraw = True
73.4777 	EXP 	Fixation1: autoDraw = True
73.4932 	EXP 	Fixation1: autoDraw = True
73.5099 	EXP 	Fixation1: autoDraw = True
73.5267 	EXP 	Fixation1: autoDraw = True
73.5432 	EXP 	Fixation1: autoDraw = True
73.5599 	EXP 	Fixation1: autoDraw = True
73.5766 	EXP 	Fixation1: autoDraw = True
73.5933 	EXP 	Fixation1: autoDraw = True
73.6100 	EXP 	Fixation1: autoDraw = True
73.6266 	EXP 	Fixation1: autoDraw = True
73.6454 	EXP 	Fixation1: autoDraw = True
73.6600 	EXP 	Fixation1: autoDraw = True
73.6778 	EXP 	Fixation1: autoDraw = True
73.6934 	EXP 	Fixation1: autoDraw = True
73.7099 	EXP 	Fixation1: autoDraw = True
73.7266 	EXP 	Fixation1: autoDraw = True
73.7451 	EXP 	Fixation1: autoDraw = True
73.7601 	EXP 	Fixation1: autoDraw = True
73.7769 	EXP 	Fixation1: autoDraw = True
73.7935 	EXP 	Fixation1: autoDraw = True
73.8102 	EXP 	Fixation1: autoDraw = True
73.8283 	EXP 	Fixation1: autoDraw = True
73.8458 	EXP 	Fixation1: autoDraw = True
73.8595 	EXP 	Fixation1: autoDraw = True
73.8773 	EXP 	Fixation1: autoDraw = True
73.8941 	EXP 	Fixation1: autoDraw = True
73.9095 	EXP 	Fixation1: autoDraw = True
73.9152 	DATA 	Keypress: escape
73.9262 	EXP 	Fixation1: autoDraw = True
73.9429 	EXP 	Fixation1: autoDraw = True
73.9595 	EXP 	Fixation1: autoDraw = True
73.9762 	EXP 	Fixation1: autoDraw = True
73.9947 	EXP 	Fixation1: autoDraw = True
74.0096 	EXP 	Fixation1: autoDraw = True
74.5570 	EXP 	window1: mouseVisible = True
