16.1957 	WARNING 	We strongly recommend you activate the PTB sound engine in PsychoPy prefs as the preferred audio engine. Its timing is vastly superior. Your prefs are currently set to use ['sounddevice', 'PTB', 'pyo', 'pygame'] (in that order).
31.6242 	WARNING 	Font Manager failed to load file C:\WINDOWS\Fonts\mstmc.ttf
32.2169 	WARNING 	Font Manager failed to load file C:\WINDOWS\Fonts\mstmc.ttf
52.2549 	EXP 	Created window1 = Window(allowGUI=False, allowStencil=False, autoLog=True, backendConf=UNKNOWN, bitsMode=UNKNOWN, blendMode='avg', bpc=(8, 8, 8), color=array([-1., -1., -1.]), colorSpace='rgb', depthBits=8, fullscr=<method-wrapper '__getattribute__' of attributeSetter object at 0x0000020FC5C8D7F0>, gamma=None, gammaErrorPolicy='raise', lms=UNKNOWN, monitor=<psychopy.monitors.calibTools.Monitor object at 0x0000020FC5CDEB00>, multiSample=False, name='window1', numSamples=2, pos=[360.0, 290.0], screen=0, size=array([1200,  500]), stencilBits=0, stereo=False, units='height', useFBO=True, useRetina=False, viewOri=0.0, viewPos=None, viewScale=None, waitBlanking=True, winType='pyglet')
52.2643 	EXP 	window1: mouseVisible = True
52.2643 	EXP 	window1: recordFrameIntervals = False
52.4334 	EXP 	window1: recordFrameIntervals = True
52.6169 	EXP 	window1: recordFrameIntervals = False
55.0764 	EXP 	Created Cue = ImageStim(__class__=<class 'psychopy.visual.image.ImageStim'>, autoLog=True, color=array([1., 1., 1.]), colorSpace='rgb', contrast=1.0, depth=0.0, flipHoriz=False, flipVert=False, image='Task samples/cue.png', interpolate=True, mask=None, maskParams=None, name='Cue', opacity=1, ori=0.0, pos=array([0., 0.]), size=array([0.8, 0.7]), texRes=128.0, units='height', win=Window(...))
55.7025 	EXP 	Created instructions = TextStim(__class__=<class 'psychopy.visual.text.TextStim'>, alignHoriz=method-wrapper(...), alignText='center', alignVert=method-wrapper(...), anchorHoriz='center', anchorVert='center', antialias=True, autoLog=True, bold=False, color=array([1., 1., 1.]), colorSpace='rgb', contrast=1.0, depth=-1.0, flipHoriz=False, flipVert=False, font='Open Sans', fontFiles=[], height=0.07, italic=False, languageStyle='LTR', name='instructions', opacity=1, ori=0.0, pos=array([0., 0.]), rgb=UNKNOWN, text=str(...), units='height', win=Window(...), wrapWidth=1)
55.8141 	EXP 	Created Fixation1 = ImageStim(__class__=<class 'psychopy.visual.image.ImageStim'>, autoLog=True, color=array([1., 1., 1.]), colorSpace='rgb', contrast=1.0, depth=0.0, flipHoriz=False, flipVert=False, image='Task samples/Fixation.png', interpolate=True, mask=None, maskParams=None, name='Fixation1', opacity=1, ori=0.0, pos=array([0., 0.]), size=array([0.8, 0.7]), texRes=128.0, units='height', win=Window(...))
56.0143 	EXP 	Created Fixation1 = ImageStim(__class__=<class 'psychopy.visual.image.ImageStim'>, autoLog=True, color=array([1., 1., 1.]), colorSpace='rgb', contrast=1.0, depth=0.0, flipHoriz=False, flipVert=False, image='Task samples/Fixation.png', interpolate=True, mask=None, maskParams=None, name='Fixation1', opacity=1, ori=0.0, pos=array([0., 0.]), size=array([0.8, 0.7]), texRes=128.0, units='height', win=Window(...))
56.0197 	EXP 	Created graphic_img = ImageStim(__class__=<class 'psychopy.visual.image.ImageStim'>, autoLog=True, color=array([1., 1., 1.]), colorSpace='rgb', contrast=1.0, depth=-1.0, flipHoriz=False, flipVert=False, image='sin', interpolate=True, mask=None, maskParams=None, name='graphic_img', opacity=1, ori=0.0, pos=array([0., 0.]), size=array([0.8, 0.7]), texRes=128.0, units='height', win=Window(...))
56.2197 	EXP 	Created Fixation2 = ImageStim(__class__=<class 'psychopy.visual.image.ImageStim'>, autoLog=True, color=array([1., 1., 1.]), colorSpace='rgb', contrast=1.0, depth=0.0, flipHoriz=False, flipVert=False, image='Task samples/Fixation.png', interpolate=True, mask=None, maskParams=None, name='Fixation2', opacity=1, ori=0.0, pos=array([0., 0.]), size=array([0.8, 0.7]), texRes=128.0, units='height', win=Window(...))
56.2248 	EXP 	Created number_img = ImageStim(__class__=<class 'psychopy.visual.image.ImageStim'>, autoLog=True, color=array([1., 1., 1.]), colorSpace='rgb', contrast=1.0, depth=-1.0, flipHoriz=False, flipVert=False, image='sin', interpolate=True, mask=None, maskParams=None, name='number_img', opacity=1, ori=0.0, pos=array([0., 0.]), size=array([0.8, 0.7]), texRes=128.0, units='height', win=Window(...))
56.4071 	EXP 	Cue: autoDraw = True
57.2349 	EXP 	instructions: autoDraw = True
57.4151 	EXP 	Cue: autoDraw = False
60.1164 	DATA 	Keypress: space
63.4400 	EXP 	Imported task_conditions.xlsx as conditions, 29 conditions, 2 params
63.4786 	EXP 	Created sequence: random, trialTypes=29, nReps=1, seed=None
63.4788 	EXP 	New trial (rep=0, index=0): {'images': 'Task samples\\相同颜色及边数7.png', 'correctAns': 2}
63.5285 	EXP 	Cue: autoDraw = False
63.5285 	EXP 	instructions: autoDraw = False
63.5285 	EXP 	graphic_img: image = 'Task samples\\相同颜色及边数7.png'
63.5285 	EXP 	Fixation1: autoDraw = True
64.5119 	EXP 	graphic_img: autoDraw = True
64.5278 	EXP 	Fixation1: autoDraw = False
65.2990 	DATA 	Keypress: 1
66.5128 	DATA 	Keypress: 1
72.2428 	EXP 	New trial (rep=0, index=1): {'images': 'Task samples\\相同颜色及位置6.png', 'correctAns': 2}
72.2905 	EXP 	Fixation1: autoDraw = False
72.2905 	EXP 	graphic_img: autoDraw = False
72.2905 	EXP 	graphic_img: image = 'Task samples\\相同颜色及位置6.png'
72.2905 	EXP 	Fixation1: autoDraw = True
72.7757 	DATA 	Keypress: 2
73.2742 	EXP 	graphic_img: autoDraw = True
73.2902 	EXP 	Fixation1: autoDraw = False
73.8093 	DATA 	Keypress: 2
77.3237 	DATA 	Keypress: escape
77.4058 	EXP 	window1: mouseVisible = True
