1.8089 	WARNING 	We strongly recommend you activate the PTB sound engine in PsychoPy prefs as the preferred audio engine. Its timing is vastly superior. Your prefs are currently set to use ['sounddevice', 'PTB', 'pyo', 'pygame'] (in that order).
53.1225 	EXP 	Created window1 = Window(allowGUI=False, allowStencil=False, autoLog=True, backendConf=UNKNOWN, bitsMode=UNKNOWN, blendMode='avg', bpc=(8, 8, 8), color=array([-1., -1., -1.]), colorSpace='rgb', depthBits=8, fullscr=<method-wrapper '__getattribute__' of attributeSetter object at 0x000002040CB04710>, gamma=None, gammaErrorPolicy='raise', lms=UNKNOWN, monitor=<psychopy.monitors.calibTools.Monitor object at 0x000002040CB5B5F8>, multiSample=False, name='window1', numSamples=2, pos=[360.0, 290.0], screen=0, size=array([1200,  500]), stencilBits=0, stereo=False, units='height', useFBO=True, useRetina=False, viewOri=0.0, viewPos=None, viewScale=None, waitBlanking=True, winType='pyglet')
53.1228 	EXP 	window1: mouseVisible = True
53.1229 	EXP 	window1: recordFrameIntervals = False
53.2882 	EXP 	window1: recordFrameIntervals = True
53.4719 	EXP 	window1: recordFrameIntervals = False
53.8387 	EXP 	Created Cue = ImageStim(__class__=<class 'psychopy.visual.image.ImageStim'>, autoLog=True, color=array([1., 1., 1.]), colorSpace='rgb', contrast=1.0, depth=0.0, flipHoriz=False, flipVert=False, image='Task samples/cue.png', interpolate=True, mask=None, maskParams=None, name='Cue', opacity=1, ori=0.0, pos=array([0., 0.]), size=array([0.8, 0.7]), texRes=128.0, units='height', win=Window(...))
54.0106 	EXP 	Created instructions = TextStim(__class__=<class 'psychopy.visual.text.TextStim'>, alignHoriz=method-wrapper(...), alignText='center', alignVert=method-wrapper(...), anchorHoriz='center', anchorVert='center', antialias=True, autoLog=True, bold=False, color=array([1., 1., 1.]), colorSpace='rgb', contrast=1.0, depth=-1.0, flipHoriz=False, flipVert=False, font='Open Sans', fontFiles=[], height=0.07, italic=False, languageStyle='LTR', name='instructions', opacity=1, ori=0.0, pos=array([0., 0.]), rgb=UNKNOWN, text=str(...), units='height', win=Window(...), wrapWidth=1)
54.0709 	EXP 	Created Fixation1 = ImageStim(__class__=<class 'psychopy.visual.image.ImageStim'>, autoLog=True, color=array([1., 1., 1.]), colorSpace='rgb', contrast=1.0, depth=0.0, flipHoriz=False, flipVert=False, image='Task samples/Fixation.png', interpolate=True, mask=None, maskParams=None, name='Fixation1', opacity=1, ori=0.0, pos=array([0., 0.]), size=array([0.8, 0.7]), texRes=128.0, units='height', win=Window(...))
54.1310 	EXP 	Created Fixation1 = ImageStim(__class__=<class 'psychopy.visual.image.ImageStim'>, autoLog=True, color=array([1., 1., 1.]), colorSpace='rgb', contrast=1.0, depth=0.0, flipHoriz=False, flipVert=False, image='Task samples/Fixation.png', interpolate=True, mask=None, maskParams=None, name='Fixation1', opacity=1, ori=0.0, pos=array([0., 0.]), size=array([0.8, 0.7]), texRes=128.0, units='height', win=Window(...))
54.1347 	EXP 	Created graphic_img = ImageStim(__class__=<class 'psychopy.visual.image.ImageStim'>, autoLog=True, color=array([1., 1., 1.]), colorSpace='rgb', contrast=1.0, depth=-1.0, flipHoriz=False, flipVert=False, image='sin', interpolate=True, mask=None, maskParams=None, name='graphic_img', opacity=1, ori=0.0, pos=array([0., 0.]), size=array([0.8, 0.7]), texRes=128.0, units='height', win=Window(...))
54.1969 	EXP 	Created Fixation2 = ImageStim(__class__=<class 'psychopy.visual.image.ImageStim'>, autoLog=True, color=array([1., 1., 1.]), colorSpace='rgb', contrast=1.0, depth=0.0, flipHoriz=False, flipVert=False, image='Task samples/Fixation.png', interpolate=True, mask=None, maskParams=None, name='Fixation2', opacity=1, ori=0.0, pos=array([0., 0.]), size=array([0.8, 0.7]), texRes=128.0, units='height', win=Window(...))
54.2006 	EXP 	Created number_img = ImageStim(__class__=<class 'psychopy.visual.image.ImageStim'>, autoLog=True, color=array([1., 1., 1.]), colorSpace='rgb', contrast=1.0, depth=-1.0, flipHoriz=False, flipVert=False, image='sin', interpolate=True, mask=None, maskParams=None, name='number_img', opacity=1, ori=0.0, pos=array([0., 0.]), size=array([0.8, 0.7]), texRes=128.0, units='height', win=Window(...))
54.2419 	EXP 	Cue: autoDraw = True
55.2076 	EXP 	instructions: autoDraw = True
55.2569 	EXP 	Cue: autoDraw = False
61.2253 	EXP 	Imported task_conditions.xlsx as conditions, 29 conditions, 2 params
61.2261 	EXP 	Created sequence: random, trialTypes=29, nReps=1, seed=None
61.2265 	EXP 	New trial (rep=0, index=0): {'images': 'Task samples\\相同位置及边数2.png', 'correctAns': 1}
61.2658 	EXP 	instructions: autoDraw = False
61.2658 	EXP 	Cue: autoDraw = False
61.2658 	EXP 	instructions: autoDraw = False
61.2658 	EXP 	graphic_img: image = 'Task samples\\相同位置及边数2.png'
61.2658 	EXP 	Fixation1: autoDraw = True
61.2658 	EXP 	Fixation1: autoDraw = True
61.2790 	EXP 	Fixation1: autoDraw = True
61.2953 	EXP 	Fixation1: autoDraw = True
61.3120 	EXP 	Fixation1: autoDraw = True
61.3288 	EXP 	Fixation1: autoDraw = True
61.3456 	EXP 	Fixation1: autoDraw = True
61.3622 	EXP 	Fixation1: autoDraw = True
61.3789 	EXP 	Fixation1: autoDraw = True
61.3965 	EXP 	Fixation1: autoDraw = True
61.4125 	EXP 	Fixation1: autoDraw = True
61.4292 	EXP 	Fixation1: autoDraw = True
61.4457 	EXP 	Fixation1: autoDraw = True
61.4623 	EXP 	Fixation1: autoDraw = True
61.4790 	EXP 	Fixation1: autoDraw = True
61.4955 	EXP 	Fixation1: autoDraw = True
61.5123 	EXP 	Fixation1: autoDraw = True
61.5304 	EXP 	Fixation1: autoDraw = True
61.5464 	EXP 	Fixation1: autoDraw = True
61.5632 	EXP 	Fixation1: autoDraw = True
61.5798 	EXP 	Fixation1: autoDraw = True
61.5965 	EXP 	Fixation1: autoDraw = True
61.6132 	EXP 	Fixation1: autoDraw = True
61.6298 	EXP 	Fixation1: autoDraw = True
61.6466 	EXP 	Fixation1: autoDraw = True
61.6633 	EXP 	Fixation1: autoDraw = True
61.6800 	EXP 	Fixation1: autoDraw = True
61.6966 	EXP 	Fixation1: autoDraw = True
61.7133 	EXP 	Fixation1: autoDraw = True
61.7300 	EXP 	Fixation1: autoDraw = True
61.7467 	EXP 	Fixation1: autoDraw = True
61.7633 	EXP 	Fixation1: autoDraw = True
61.7809 	EXP 	Fixation1: autoDraw = True
61.7967 	EXP 	Fixation1: autoDraw = True
61.8134 	EXP 	Fixation1: autoDraw = True
61.8301 	EXP 	Fixation1: autoDraw = True
61.8468 	EXP 	Fixation1: autoDraw = True
61.8635 	EXP 	Fixation1: autoDraw = True
61.8801 	EXP 	Fixation1: autoDraw = True
61.8968 	EXP 	Fixation1: autoDraw = True
61.9135 	EXP 	Fixation1: autoDraw = True
61.9302 	EXP 	Fixation1: autoDraw = True
61.9468 	EXP 	Fixation1: autoDraw = True
61.9635 	EXP 	Fixation1: autoDraw = True
61.9803 	EXP 	Fixation1: autoDraw = True
61.9969 	EXP 	Fixation1: autoDraw = True
62.0128 	EXP 	Fixation1: autoDraw = True
62.0294 	EXP 	Fixation1: autoDraw = True
62.0461 	EXP 	Fixation1: autoDraw = True
62.0628 	EXP 	Fixation1: autoDraw = True
62.0795 	EXP 	Fixation1: autoDraw = True
62.0961 	EXP 	Fixation1: autoDraw = True
62.1129 	EXP 	Fixation1: autoDraw = True
62.1295 	EXP 	Fixation1: autoDraw = True
62.1462 	EXP 	Fixation1: autoDraw = True
62.1638 	EXP 	Fixation1: autoDraw = True
62.1803 	EXP 	Fixation1: autoDraw = True
62.1971 	EXP 	Fixation1: autoDraw = True
62.2136 	EXP 	Fixation1: autoDraw = True
62.2304 	EXP 	Fixation1: autoDraw = True
62.2518 	EXP 	graphic_img: autoDraw = True
62.2518 	EXP 	Fixation1: autoDraw = True
62.2638 	EXP 	Fixation1: autoDraw = False
62.2638 	EXP 	Fixation1: autoDraw = True
62.2805 	EXP 	Fixation1: autoDraw = True
62.2971 	EXP 	Fixation1: autoDraw = True
62.3138 	EXP 	Fixation1: autoDraw = True
62.3304 	EXP 	Fixation1: autoDraw = True
62.3472 	EXP 	Fixation1: autoDraw = True
62.3638 	EXP 	Fixation1: autoDraw = True
62.3814 	EXP 	Fixation1: autoDraw = True
62.3971 	EXP 	Fixation1: autoDraw = True
62.4138 	EXP 	Fixation1: autoDraw = True
62.4305 	EXP 	Fixation1: autoDraw = True
62.4472 	EXP 	Fixation1: autoDraw = True
62.4639 	EXP 	Fixation1: autoDraw = True
62.4806 	EXP 	Fixation1: autoDraw = True
62.4972 	EXP 	Fixation1: autoDraw = True
62.5139 	EXP 	Fixation1: autoDraw = True
62.5307 	EXP 	Fixation1: autoDraw = True
62.5474 	EXP 	Fixation1: autoDraw = True
62.5640 	EXP 	Fixation1: autoDraw = True
62.5807 	EXP 	Fixation1: autoDraw = True
62.5974 	EXP 	Fixation1: autoDraw = True
62.6140 	EXP 	Fixation1: autoDraw = True
62.6308 	EXP 	Fixation1: autoDraw = True
62.6475 	EXP 	Fixation1: autoDraw = True
62.6641 	EXP 	Fixation1: autoDraw = True
62.6807 	EXP 	Fixation1: autoDraw = True
62.6983 	EXP 	Fixation1: autoDraw = True
62.7143 	EXP 	Fixation1: autoDraw = True
62.7308 	EXP 	Fixation1: autoDraw = True
62.7467 	EXP 	Fixation1: autoDraw = True
62.7635 	EXP 	Fixation1: autoDraw = True
62.7801 	EXP 	Fixation1: autoDraw = True
62.7968 	EXP 	Fixation1: autoDraw = True
62.8136 	EXP 	Fixation1: autoDraw = True
62.8302 	EXP 	Fixation1: autoDraw = True
62.8469 	EXP 	Fixation1: autoDraw = True
62.8635 	EXP 	Fixation1: autoDraw = True
62.8803 	EXP 	Fixation1: autoDraw = True
62.8969 	EXP 	Fixation1: autoDraw = True
62.9135 	EXP 	Fixation1: autoDraw = True
62.9310 	EXP 	Fixation1: autoDraw = True
62.9478 	EXP 	Fixation1: autoDraw = True
62.9643 	EXP 	Fixation1: autoDraw = True
62.9686 	DATA 	Keypress: 1
62.9814 	EXP 	Fixation1: autoDraw = True
62.9982 	EXP 	Fixation1: autoDraw = True
63.0149 	EXP 	Fixation1: autoDraw = True
63.0314 	EXP 	Fixation1: autoDraw = True
63.0481 	EXP 	Fixation1: autoDraw = True
63.0651 	EXP 	Fixation1: autoDraw = True
63.0816 	EXP 	Fixation1: autoDraw = True
63.0983 	EXP 	Fixation1: autoDraw = True
63.1150 	EXP 	Fixation1: autoDraw = True
63.1317 	EXP 	Fixation1: autoDraw = True
63.1483 	EXP 	Fixation1: autoDraw = True
63.1649 	EXP 	Fixation1: autoDraw = True
63.1817 	EXP 	Fixation1: autoDraw = True
63.1983 	EXP 	Fixation1: autoDraw = True
63.2150 	EXP 	Fixation1: autoDraw = True
63.2316 	EXP 	Fixation1: autoDraw = True
63.2483 	EXP 	Fixation1: autoDraw = True
63.2649 	EXP 	Fixation1: autoDraw = True
63.2817 	EXP 	Fixation1: autoDraw = True
63.2985 	EXP 	Fixation1: autoDraw = True
63.3152 	EXP 	Fixation1: autoDraw = True
63.3318 	EXP 	Fixation1: autoDraw = True
63.3484 	EXP 	Fixation1: autoDraw = True
63.3651 	EXP 	Fixation1: autoDraw = True
63.3818 	EXP 	Fixation1: autoDraw = True
63.3985 	EXP 	Fixation1: autoDraw = True
63.4143 	EXP 	Fixation1: autoDraw = True
63.4310 	EXP 	Fixation1: autoDraw = True
63.4477 	EXP 	Fixation1: autoDraw = True
63.4643 	EXP 	Fixation1: autoDraw = True
63.4808 	EXP 	Fixation1: autoDraw = True
63.4974 	EXP 	Fixation1: autoDraw = True
63.5141 	EXP 	Fixation1: autoDraw = True
63.5311 	EXP 	Fixation1: autoDraw = True
63.5483 	EXP 	Fixation1: autoDraw = True
63.5650 	EXP 	Fixation1: autoDraw = True
63.5816 	EXP 	Fixation1: autoDraw = True
63.5982 	EXP 	Fixation1: autoDraw = True
63.6150 	EXP 	Fixation1: autoDraw = True
63.6317 	EXP 	Fixation1: autoDraw = True
63.6483 	EXP 	Fixation1: autoDraw = True
63.6651 	EXP 	Fixation1: autoDraw = True
63.6817 	EXP 	Fixation1: autoDraw = True
63.6984 	EXP 	Fixation1: autoDraw = True
63.7150 	EXP 	Fixation1: autoDraw = True
63.7317 	EXP 	Fixation1: autoDraw = True
63.7485 	EXP 	Fixation1: autoDraw = True
63.7652 	EXP 	Fixation1: autoDraw = True
63.7817 	EXP 	Fixation1: autoDraw = True
63.7985 	EXP 	Fixation1: autoDraw = True
63.8152 	EXP 	Fixation1: autoDraw = True
63.8318 	EXP 	Fixation1: autoDraw = True
63.8491 	EXP 	Fixation1: autoDraw = True
63.8653 	EXP 	Fixation1: autoDraw = True
63.8818 	EXP 	Fixation1: autoDraw = True
63.8985 	EXP 	Fixation1: autoDraw = True
63.9152 	EXP 	Fixation1: autoDraw = True
63.9319 	EXP 	Fixation1: autoDraw = True
63.9486 	EXP 	Fixation1: autoDraw = True
63.9653 	EXP 	Fixation1: autoDraw = True
63.9819 	EXP 	Fixation1: autoDraw = True
63.9987 	EXP 	Fixation1: autoDraw = True
64.0146 	EXP 	Fixation1: autoDraw = True
64.0314 	EXP 	Fixation1: autoDraw = True
64.0479 	EXP 	Fixation1: autoDraw = True
64.0647 	EXP 	Fixation1: autoDraw = True
64.0813 	EXP 	Fixation1: autoDraw = True
64.0981 	EXP 	Fixation1: autoDraw = True
64.1148 	EXP 	Fixation1: autoDraw = True
64.1318 	EXP 	Fixation1: autoDraw = True
64.1486 	EXP 	Fixation1: autoDraw = True
64.1654 	EXP 	Fixation1: autoDraw = True
64.1822 	EXP 	Fixation1: autoDraw = True
64.1987 	EXP 	Fixation1: autoDraw = True
64.2154 	EXP 	Fixation1: autoDraw = True
64.2322 	EXP 	Fixation1: autoDraw = True
64.2488 	EXP 	Fixation1: autoDraw = True
64.2655 	EXP 	Fixation1: autoDraw = True
64.2822 	EXP 	Fixation1: autoDraw = True
64.2990 	EXP 	Fixation1: autoDraw = True
64.3156 	EXP 	Fixation1: autoDraw = True
64.3323 	EXP 	Fixation1: autoDraw = True
64.3490 	EXP 	Fixation1: autoDraw = True
64.3656 	EXP 	Fixation1: autoDraw = True
64.3823 	EXP 	Fixation1: autoDraw = True
64.3990 	EXP 	Fixation1: autoDraw = True
64.4157 	EXP 	Fixation1: autoDraw = True
64.4323 	EXP 	Fixation1: autoDraw = True
64.4495 	EXP 	Fixation1: autoDraw = True
64.4657 	EXP 	Fixation1: autoDraw = True
64.4824 	EXP 	Fixation1: autoDraw = True
64.4990 	EXP 	Fixation1: autoDraw = True
64.5157 	EXP 	Fixation1: autoDraw = True
64.5325 	EXP 	Fixation1: autoDraw = True
64.5492 	EXP 	Fixation1: autoDraw = True
64.5658 	EXP 	Fixation1: autoDraw = True
64.5825 	EXP 	Fixation1: autoDraw = True
64.5992 	EXP 	Fixation1: autoDraw = True
64.6151 	EXP 	Fixation1: autoDraw = True
64.6318 	EXP 	Fixation1: autoDraw = True
64.6485 	EXP 	Fixation1: autoDraw = True
64.6661 	EXP 	Fixation1: autoDraw = True
64.6826 	EXP 	Fixation1: autoDraw = True
64.6984 	EXP 	Fixation1: autoDraw = True
64.7151 	EXP 	Fixation1: autoDraw = True
64.7327 	EXP 	Fixation1: autoDraw = True
64.7493 	EXP 	Fixation1: autoDraw = True
64.7660 	EXP 	Fixation1: autoDraw = True
64.7827 	EXP 	Fixation1: autoDraw = True
64.7993 	EXP 	Fixation1: autoDraw = True
64.8160 	EXP 	Fixation1: autoDraw = True
64.8327 	EXP 	Fixation1: autoDraw = True
64.8494 	EXP 	Fixation1: autoDraw = True
64.8660 	EXP 	Fixation1: autoDraw = True
64.8828 	EXP 	Fixation1: autoDraw = True
64.9006 	EXP 	Fixation1: autoDraw = True
64.9165 	EXP 	Fixation1: autoDraw = True
64.9327 	EXP 	Fixation1: autoDraw = True
64.9494 	EXP 	Fixation1: autoDraw = True
64.9662 	EXP 	Fixation1: autoDraw = True
64.9827 	EXP 	Fixation1: autoDraw = True
64.9996 	EXP 	Fixation1: autoDraw = True
65.0042 	DATA 	Keypress: 1
65.0167 	EXP 	Fixation1: autoDraw = True
65.0333 	EXP 	Fixation1: autoDraw = True
65.0490 	EXP 	Fixation1: autoDraw = True
65.0658 	EXP 	Fixation1: autoDraw = True
65.0825 	EXP 	Fixation1: autoDraw = True
65.0991 	EXP 	Fixation1: autoDraw = True
65.1158 	EXP 	Fixation1: autoDraw = True
65.1326 	EXP 	Fixation1: autoDraw = True
65.1492 	EXP 	Fixation1: autoDraw = True
65.1658 	EXP 	Fixation1: autoDraw = True
65.1826 	EXP 	Fixation1: autoDraw = True
65.1992 	EXP 	Fixation1: autoDraw = True
65.2164 	EXP 	Fixation1: autoDraw = True
65.2334 	EXP 	Fixation1: autoDraw = True
65.2502 	EXP 	Fixation1: autoDraw = True
65.2669 	EXP 	Fixation1: autoDraw = True
65.2835 	EXP 	Fixation1: autoDraw = True
65.3002 	EXP 	Fixation1: autoDraw = True
65.3169 	EXP 	Fixation1: autoDraw = True
65.3336 	EXP 	Fixation1: autoDraw = True
65.3502 	EXP 	Fixation1: autoDraw = True
65.3553 	DATA 	Keypress: 2
65.3670 	EXP 	Fixation1: autoDraw = True
65.3836 	EXP 	Fixation1: autoDraw = True
65.4003 	EXP 	Fixation1: autoDraw = True
65.4169 	EXP 	Fixation1: autoDraw = True
65.4337 	EXP 	Fixation1: autoDraw = True
65.4504 	EXP 	Fixation1: autoDraw = True
65.4670 	EXP 	Fixation1: autoDraw = True
65.4836 	EXP 	Fixation1: autoDraw = True
65.5005 	EXP 	Fixation1: autoDraw = True
65.5170 	EXP 	Fixation1: autoDraw = True
65.5337 	EXP 	Fixation1: autoDraw = True
65.5505 	EXP 	Fixation1: autoDraw = True
65.5670 	EXP 	Fixation1: autoDraw = True
65.5838 	EXP 	Fixation1: autoDraw = True
65.6005 	EXP 	Fixation1: autoDraw = True
65.6173 	EXP 	Fixation1: autoDraw = True
65.6328 	EXP 	Fixation1: autoDraw = True
65.6496 	EXP 	Fixation1: autoDraw = True
65.6664 	EXP 	Fixation1: autoDraw = True
65.6831 	EXP 	Fixation1: autoDraw = True
65.6996 	EXP 	Fixation1: autoDraw = True
65.7163 	EXP 	Fixation1: autoDraw = True
65.7339 	EXP 	Fixation1: autoDraw = True
65.7498 	EXP 	Fixation1: autoDraw = True
65.7664 	EXP 	Fixation1: autoDraw = True
65.7832 	EXP 	Fixation1: autoDraw = True
65.7999 	EXP 	Fixation1: autoDraw = True
65.8164 	EXP 	Fixation1: autoDraw = True
65.8331 	EXP 	Fixation1: autoDraw = True
65.8499 	EXP 	Fixation1: autoDraw = True
65.8662 	EXP 	Fixation1: autoDraw = True
65.8837 	EXP 	Fixation1: autoDraw = True
65.9004 	EXP 	Fixation1: autoDraw = True
65.9171 	EXP 	Fixation1: autoDraw = True
65.9338 	EXP 	Fixation1: autoDraw = True
65.9504 	EXP 	Fixation1: autoDraw = True
65.9670 	EXP 	Fixation1: autoDraw = True
65.9838 	EXP 	Fixation1: autoDraw = True
66.0006 	EXP 	Fixation1: autoDraw = True
66.0172 	EXP 	Fixation1: autoDraw = True
66.0338 	EXP 	Fixation1: autoDraw = True
66.0506 	EXP 	Fixation1: autoDraw = True
66.0672 	EXP 	Fixation1: autoDraw = True
66.0838 	EXP 	Fixation1: autoDraw = True
66.1006 	EXP 	Fixation1: autoDraw = True
66.1172 	EXP 	Fixation1: autoDraw = True
66.1339 	EXP 	Fixation1: autoDraw = True
66.1506 	EXP 	Fixation1: autoDraw = True
66.1674 	EXP 	Fixation1: autoDraw = True
66.1840 	EXP 	Fixation1: autoDraw = True
66.2008 	EXP 	Fixation1: autoDraw = True
66.2173 	EXP 	Fixation1: autoDraw = True
66.2341 	EXP 	Fixation1: autoDraw = True
66.2506 	EXP 	Fixation1: autoDraw = True
66.2674 	EXP 	Fixation1: autoDraw = True
66.2848 	EXP 	Fixation1: autoDraw = True
66.3008 	EXP 	Fixation1: autoDraw = True
66.3173 	EXP 	Fixation1: autoDraw = True
66.3341 	EXP 	Fixation1: autoDraw = True
66.3507 	EXP 	Fixation1: autoDraw = True
66.3674 	EXP 	Fixation1: autoDraw = True
66.3840 	EXP 	Fixation1: autoDraw = True
66.4008 	EXP 	Fixation1: autoDraw = True
66.4168 	EXP 	Fixation1: autoDraw = True
66.4334 	EXP 	Fixation1: autoDraw = True
66.4501 	EXP 	Fixation1: autoDraw = True
66.4668 	EXP 	Fixation1: autoDraw = True
66.4835 	EXP 	Fixation1: autoDraw = True
66.5001 	EXP 	Fixation1: autoDraw = True
66.5169 	EXP 	Fixation1: autoDraw = True
66.5335 	EXP 	Fixation1: autoDraw = True
66.5501 	EXP 	Fixation1: autoDraw = True
66.5676 	EXP 	Fixation1: autoDraw = True
66.5838 	EXP 	Fixation1: autoDraw = True
66.6001 	EXP 	Fixation1: autoDraw = True
66.6176 	EXP 	Fixation1: autoDraw = True
66.6343 	EXP 	Fixation1: autoDraw = True
66.6511 	EXP 	Fixation1: autoDraw = True
66.6678 	EXP 	Fixation1: autoDraw = True
66.6844 	EXP 	Fixation1: autoDraw = True
66.7010 	EXP 	Fixation1: autoDraw = True
66.7178 	EXP 	Fixation1: autoDraw = True
66.7344 	EXP 	Fixation1: autoDraw = True
66.7513 	EXP 	Fixation1: autoDraw = True
66.7678 	EXP 	Fixation1: autoDraw = True
66.7845 	EXP 	Fixation1: autoDraw = True
66.8011 	EXP 	Fixation1: autoDraw = True
66.8179 	EXP 	Fixation1: autoDraw = True
66.8356 	EXP 	Fixation1: autoDraw = True
66.8513 	EXP 	Fixation1: autoDraw = True
66.8680 	EXP 	Fixation1: autoDraw = True
66.8846 	EXP 	Fixation1: autoDraw = True
66.9013 	EXP 	Fixation1: autoDraw = True
66.9179 	EXP 	Fixation1: autoDraw = True
66.9346 	EXP 	Fixation1: autoDraw = True
66.9513 	EXP 	Fixation1: autoDraw = True
66.9680 	EXP 	Fixation1: autoDraw = True
66.9848 	EXP 	Fixation1: autoDraw = True
67.0017 	EXP 	Fixation1: autoDraw = True
67.0182 	EXP 	Fixation1: autoDraw = True
67.0348 	EXP 	Fixation1: autoDraw = True
67.0514 	EXP 	Fixation1: autoDraw = True
67.0681 	EXP 	Fixation1: autoDraw = True
67.0848 	EXP 	Fixation1: autoDraw = True
67.1014 	EXP 	Fixation1: autoDraw = True
67.1174 	EXP 	Fixation1: autoDraw = True
67.1340 	EXP 	Fixation1: autoDraw = True
67.1520 	EXP 	Fixation1: autoDraw = True
67.1685 	EXP 	Fixation1: autoDraw = True
67.1844 	EXP 	Fixation1: autoDraw = True
67.2007 	EXP 	Fixation1: autoDraw = True
67.2175 	EXP 	Fixation1: autoDraw = True
67.2342 	EXP 	Fixation1: autoDraw = True
67.2508 	EXP 	Fixation1: autoDraw = True
67.2675 	EXP 	Fixation1: autoDraw = True
67.2842 	EXP 	Fixation1: autoDraw = True
67.3016 	EXP 	Fixation1: autoDraw = True
67.3184 	EXP 	Fixation1: autoDraw = True
67.3350 	EXP 	Fixation1: autoDraw = True
67.3516 	EXP 	Fixation1: autoDraw = True
67.3683 	EXP 	Fixation1: autoDraw = True
67.3851 	EXP 	Fixation1: autoDraw = True
67.4018 	EXP 	Fixation1: autoDraw = True
67.4185 	EXP 	Fixation1: autoDraw = True
67.4352 	EXP 	Fixation1: autoDraw = True
67.4518 	EXP 	Fixation1: autoDraw = True
67.4684 	EXP 	Fixation1: autoDraw = True
67.4851 	EXP 	Fixation1: autoDraw = True
67.5019 	EXP 	Fixation1: autoDraw = True
67.5185 	EXP 	Fixation1: autoDraw = True
67.5351 	EXP 	Fixation1: autoDraw = True
67.5518 	EXP 	Fixation1: autoDraw = True
67.5686 	EXP 	Fixation1: autoDraw = True
67.5852 	EXP 	Fixation1: autoDraw = True
67.6020 	EXP 	Fixation1: autoDraw = True
67.6186 	EXP 	Fixation1: autoDraw = True
67.6352 	EXP 	Fixation1: autoDraw = True
67.6519 	EXP 	Fixation1: autoDraw = True
67.6693 	EXP 	Fixation1: autoDraw = True
67.6854 	EXP 	Fixation1: autoDraw = True
67.7019 	EXP 	Fixation1: autoDraw = True
67.7186 	EXP 	Fixation1: autoDraw = True
67.7353 	EXP 	Fixation1: autoDraw = True
67.7521 	EXP 	Fixation1: autoDraw = True
67.7687 	EXP 	Fixation1: autoDraw = True
67.7853 	EXP 	Fixation1: autoDraw = True
67.8021 	EXP 	Fixation1: autoDraw = True
67.8180 	EXP 	Fixation1: autoDraw = True
67.8347 	EXP 	Fixation1: autoDraw = True
67.8515 	EXP 	Fixation1: autoDraw = True
67.8682 	EXP 	Fixation1: autoDraw = True
67.8849 	EXP 	Fixation1: autoDraw = True
67.9014 	EXP 	Fixation1: autoDraw = True
67.9182 	EXP 	Fixation1: autoDraw = True
67.9348 	EXP 	Fixation1: autoDraw = True
67.9514 	EXP 	Fixation1: autoDraw = True
67.9690 	EXP 	Fixation1: autoDraw = True
67.9855 	EXP 	Fixation1: autoDraw = True
68.0022 	EXP 	Fixation1: autoDraw = True
68.0189 	EXP 	Fixation1: autoDraw = True
68.0356 	EXP 	Fixation1: autoDraw = True
68.0523 	EXP 	Fixation1: autoDraw = True
68.0692 	EXP 	Fixation1: autoDraw = True
68.0857 	EXP 	Fixation1: autoDraw = True
68.1023 	EXP 	Fixation1: autoDraw = True
68.1191 	EXP 	Fixation1: autoDraw = True
68.1357 	EXP 	Fixation1: autoDraw = True
68.1525 	EXP 	Fixation1: autoDraw = True
68.1691 	EXP 	Fixation1: autoDraw = True
68.1869 	EXP 	Fixation1: autoDraw = True
68.2025 	EXP 	Fixation1: autoDraw = True
68.2192 	EXP 	Fixation1: autoDraw = True
68.2359 	EXP 	Fixation1: autoDraw = True
68.2524 	EXP 	Fixation1: autoDraw = True
68.2691 	EXP 	Fixation1: autoDraw = True
68.2859 	EXP 	Fixation1: autoDraw = True
68.3026 	EXP 	Fixation1: autoDraw = True
68.3192 	EXP 	Fixation1: autoDraw = True
68.3359 	EXP 	Fixation1: autoDraw = True
68.3527 	EXP 	Fixation1: autoDraw = True
68.3694 	EXP 	Fixation1: autoDraw = True
68.3860 	EXP 	Fixation1: autoDraw = True
68.4027 	EXP 	Fixation1: autoDraw = True
68.4194 	EXP 	Fixation1: autoDraw = True
68.4359 	EXP 	Fixation1: autoDraw = True
68.4526 	EXP 	Fixation1: autoDraw = True
68.4695 	EXP 	Fixation1: autoDraw = True
68.4860 	EXP 	Fixation1: autoDraw = True
68.5027 	EXP 	Fixation1: autoDraw = True
68.5186 	EXP 	Fixation1: autoDraw = True
68.5352 	EXP 	Fixation1: autoDraw = True
68.5519 	EXP 	Fixation1: autoDraw = True
68.5686 	EXP 	Fixation1: autoDraw = True
68.5854 	EXP 	Fixation1: autoDraw = True
68.6020 	EXP 	Fixation1: autoDraw = True
68.6186 	EXP 	Fixation1: autoDraw = True
68.6354 	EXP 	Fixation1: autoDraw = True
68.6522 	EXP 	Fixation1: autoDraw = True
68.6696 	EXP 	Fixation1: autoDraw = True
68.6863 	EXP 	Fixation1: autoDraw = True
68.7030 	EXP 	Fixation1: autoDraw = True
68.7197 	EXP 	Fixation1: autoDraw = True
68.7362 	EXP 	Fixation1: autoDraw = True
68.7528 	EXP 	Fixation1: autoDraw = True
68.7696 	EXP 	Fixation1: autoDraw = True
68.7875 	EXP 	Fixation1: autoDraw = True
68.8034 	EXP 	Fixation1: autoDraw = True
68.8197 	EXP 	Fixation1: autoDraw = True
68.8363 	EXP 	Fixation1: autoDraw = True
68.8530 	EXP 	Fixation1: autoDraw = True
68.8696 	EXP 	Fixation1: autoDraw = True
68.8863 	EXP 	Fixation1: autoDraw = True
68.9032 	EXP 	Fixation1: autoDraw = True
68.9197 	EXP 	Fixation1: autoDraw = True
68.9365 	EXP 	Fixation1: autoDraw = True
68.9531 	EXP 	Fixation1: autoDraw = True
68.9698 	EXP 	Fixation1: autoDraw = True
68.9864 	EXP 	Fixation1: autoDraw = True
69.0031 	EXP 	Fixation1: autoDraw = True
69.0199 	EXP 	Fixation1: autoDraw = True
69.0365 	EXP 	Fixation1: autoDraw = True
69.0539 	EXP 	Fixation1: autoDraw = True
69.0699 	EXP 	Fixation1: autoDraw = True
69.0865 	EXP 	Fixation1: autoDraw = True
69.1032 	EXP 	Fixation1: autoDraw = True
69.1200 	EXP 	Fixation1: autoDraw = True
69.1366 	EXP 	Fixation1: autoDraw = True
69.1533 	EXP 	Fixation1: autoDraw = True
69.1699 	EXP 	Fixation1: autoDraw = True
69.1866 	EXP 	Fixation1: autoDraw = True
69.2034 	EXP 	Fixation1: autoDraw = True
69.2192 	EXP 	Fixation1: autoDraw = True
69.2359 	EXP 	Fixation1: autoDraw = True
69.2527 	EXP 	Fixation1: autoDraw = True
69.2693 	EXP 	Fixation1: autoDraw = True
69.2859 	EXP 	Fixation1: autoDraw = True
69.3026 	EXP 	Fixation1: autoDraw = True
69.3203 	EXP 	Fixation1: autoDraw = True
69.3359 	EXP 	Fixation1: autoDraw = True
69.3534 	EXP 	Fixation1: autoDraw = True
69.3701 	EXP 	Fixation1: autoDraw = True
69.3869 	EXP 	Fixation1: autoDraw = True
69.4035 	EXP 	Fixation1: autoDraw = True
69.4202 	EXP 	Fixation1: autoDraw = True
69.4368 	EXP 	Fixation1: autoDraw = True
69.4536 	EXP 	Fixation1: autoDraw = True
69.4702 	EXP 	Fixation1: autoDraw = True
69.4869 	EXP 	Fixation1: autoDraw = True
69.5036 	EXP 	Fixation1: autoDraw = True
69.5204 	EXP 	Fixation1: autoDraw = True
69.5370 	EXP 	Fixation1: autoDraw = True
69.5536 	EXP 	Fixation1: autoDraw = True
69.5704 	EXP 	Fixation1: autoDraw = True
69.5871 	EXP 	Fixation1: autoDraw = True
69.6039 	EXP 	Fixation1: autoDraw = True
69.6204 	EXP 	Fixation1: autoDraw = True
69.6372 	EXP 	Fixation1: autoDraw = True
69.6536 	EXP 	Fixation1: autoDraw = True
69.6704 	EXP 	Fixation1: autoDraw = True
69.6871 	EXP 	Fixation1: autoDraw = True
69.7038 	EXP 	Fixation1: autoDraw = True
69.7204 	EXP 	Fixation1: autoDraw = True
69.7371 	EXP 	Fixation1: autoDraw = True
69.7539 	EXP 	Fixation1: autoDraw = True
69.7705 	EXP 	Fixation1: autoDraw = True
69.7873 	EXP 	Fixation1: autoDraw = True
69.8039 	EXP 	Fixation1: autoDraw = True
69.8198 	EXP 	Fixation1: autoDraw = True
69.8364 	EXP 	Fixation1: autoDraw = True
69.8531 	EXP 	Fixation1: autoDraw = True
69.8710 	EXP 	Fixation1: autoDraw = True
69.8869 	EXP 	Fixation1: autoDraw = True
69.9033 	EXP 	Fixation1: autoDraw = True
69.9198 	EXP 	Fixation1: autoDraw = True
69.9373 	EXP 	Fixation1: autoDraw = True
69.9540 	EXP 	Fixation1: autoDraw = True
69.9706 	EXP 	Fixation1: autoDraw = True
69.9873 	EXP 	Fixation1: autoDraw = True
70.0041 	EXP 	Fixation1: autoDraw = True
70.0207 	EXP 	Fixation1: autoDraw = True
70.0252 	DATA 	Keypress: 2
70.0379 	EXP 	Fixation1: autoDraw = True
70.0547 	EXP 	Fixation1: autoDraw = True
70.0712 	EXP 	Fixation1: autoDraw = True
70.0879 	EXP 	Fixation1: autoDraw = True
70.1045 	EXP 	Fixation1: autoDraw = True
70.1211 	EXP 	Fixation1: autoDraw = True
70.1379 	EXP 	Fixation1: autoDraw = True
70.1554 	EXP 	Fixation1: autoDraw = True
70.1714 	EXP 	Fixation1: autoDraw = True
70.1879 	EXP 	Fixation1: autoDraw = True
70.2046 	EXP 	Fixation1: autoDraw = True
70.2066 	EXP 	New trial (rep=0, index=1): {'images': 'Task samples\\相同位置及边数7.png', 'correctAns': 1}
70.2373 	EXP 	Fixation1: autoDraw = False
70.2373 	EXP 	graphic_img: autoDraw = False
70.2373 	EXP 	graphic_img: image = 'Task samples\\相同位置及边数7.png'
70.2373 	EXP 	Fixation1: autoDraw = True
70.2373 	EXP 	Fixation1: autoDraw = True
70.2544 	EXP 	Fixation1: autoDraw = True
70.2710 	EXP 	Fixation1: autoDraw = True
70.2877 	EXP 	Fixation1: autoDraw = True
70.3044 	EXP 	Fixation1: autoDraw = True
70.3202 	EXP 	Fixation1: autoDraw = True
70.3370 	EXP 	Fixation1: autoDraw = True
70.3536 	EXP 	Fixation1: autoDraw = True
70.3703 	EXP 	Fixation1: autoDraw = True
70.3735 	DATA 	Keypress: 1
70.3870 	EXP 	Fixation1: autoDraw = True
70.4037 	EXP 	Fixation1: autoDraw = True
70.4204 	EXP 	Fixation1: autoDraw = True
70.4370 	EXP 	Fixation1: autoDraw = True
70.4545 	EXP 	Fixation1: autoDraw = True
70.4712 	EXP 	Fixation1: autoDraw = True
70.4879 	EXP 	Fixation1: autoDraw = True
70.5045 	EXP 	Fixation1: autoDraw = True
70.5212 	EXP 	Fixation1: autoDraw = True
70.5379 	EXP 	Fixation1: autoDraw = True
70.5546 	EXP 	Fixation1: autoDraw = True
70.5713 	EXP 	Fixation1: autoDraw = True
70.5879 	EXP 	Fixation1: autoDraw = True
70.6046 	EXP 	Fixation1: autoDraw = True
70.6213 	EXP 	Fixation1: autoDraw = True
70.6380 	EXP 	Fixation1: autoDraw = True
70.6546 	EXP 	Fixation1: autoDraw = True
70.6713 	EXP 	Fixation1: autoDraw = True
70.6880 	EXP 	Fixation1: autoDraw = True
70.7048 	EXP 	Fixation1: autoDraw = True
70.7214 	EXP 	Fixation1: autoDraw = True
70.7380 	EXP 	Fixation1: autoDraw = True
70.7546 	EXP 	Fixation1: autoDraw = True
70.7713 	EXP 	Fixation1: autoDraw = True
70.7880 	EXP 	Fixation1: autoDraw = True
70.8048 	EXP 	Fixation1: autoDraw = True
70.8208 	EXP 	Fixation1: autoDraw = True
70.8375 	EXP 	Fixation1: autoDraw = True
70.8541 	EXP 	Fixation1: autoDraw = True
70.8706 	EXP 	Fixation1: autoDraw = True
70.8875 	EXP 	Fixation1: autoDraw = True
70.9041 	EXP 	Fixation1: autoDraw = True
70.9209 	EXP 	Fixation1: autoDraw = True
70.9375 	EXP 	Fixation1: autoDraw = True
70.9542 	EXP 	Fixation1: autoDraw = True
70.9719 	EXP 	Fixation1: autoDraw = True
70.9886 	EXP 	Fixation1: autoDraw = True
71.0048 	EXP 	Fixation1: autoDraw = True
71.0217 	EXP 	Fixation1: autoDraw = True
71.0383 	EXP 	Fixation1: autoDraw = True
71.0549 	EXP 	Fixation1: autoDraw = True
71.0716 	EXP 	Fixation1: autoDraw = True
71.0884 	EXP 	Fixation1: autoDraw = True
71.1050 	EXP 	Fixation1: autoDraw = True
71.1217 	EXP 	Fixation1: autoDraw = True
71.1383 	EXP 	Fixation1: autoDraw = True
71.1551 	EXP 	Fixation1: autoDraw = True
71.1718 	EXP 	Fixation1: autoDraw = True
71.1885 	EXP 	Fixation1: autoDraw = True
71.2052 	EXP 	Fixation1: autoDraw = True
71.2265 	EXP 	graphic_img: autoDraw = True
71.2265 	EXP 	Fixation1: autoDraw = True
71.2384 	EXP 	Fixation1: autoDraw = False
71.2384 	EXP 	Fixation1: autoDraw = True
71.2552 	EXP 	Fixation1: autoDraw = True
71.2719 	EXP 	Fixation1: autoDraw = True
71.2885 	EXP 	Fixation1: autoDraw = True
71.3051 	EXP 	Fixation1: autoDraw = True
71.3218 	EXP 	Fixation1: autoDraw = True
71.3394 	EXP 	Fixation1: autoDraw = True
71.3556 	EXP 	Fixation1: autoDraw = True
71.3721 	EXP 	Fixation1: autoDraw = True
71.3886 	EXP 	Fixation1: autoDraw = True
71.4053 	EXP 	Fixation1: autoDraw = True
71.4220 	EXP 	Fixation1: autoDraw = True
71.4386 	EXP 	Fixation1: autoDraw = True
71.4554 	EXP 	Fixation1: autoDraw = True
71.4720 	EXP 	Fixation1: autoDraw = True
71.4888 	EXP 	Fixation1: autoDraw = True
71.5054 	EXP 	Fixation1: autoDraw = True
71.5214 	EXP 	Fixation1: autoDraw = True
71.5380 	EXP 	Fixation1: autoDraw = True
71.5548 	EXP 	Fixation1: autoDraw = True
71.5714 	EXP 	Fixation1: autoDraw = True
71.5880 	EXP 	Fixation1: autoDraw = True
71.6047 	EXP 	Fixation1: autoDraw = True
71.6227 	EXP 	Fixation1: autoDraw = True
71.6275 	DATA 	Keypress: 2
71.6384 	EXP 	Fixation1: autoDraw = True
71.6550 	EXP 	Fixation1: autoDraw = True
71.6726 	EXP 	Fixation1: autoDraw = True
71.6894 	EXP 	Fixation1: autoDraw = True
71.7059 	EXP 	Fixation1: autoDraw = True
71.7226 	EXP 	Fixation1: autoDraw = True
71.7393 	EXP 	Fixation1: autoDraw = True
71.7561 	EXP 	Fixation1: autoDraw = True
71.7727 	EXP 	Fixation1: autoDraw = True
71.7894 	EXP 	Fixation1: autoDraw = True
71.8060 	EXP 	Fixation1: autoDraw = True
71.8227 	EXP 	Fixation1: autoDraw = True
71.8394 	EXP 	Fixation1: autoDraw = True
71.8561 	EXP 	Fixation1: autoDraw = True
71.8728 	EXP 	Fixation1: autoDraw = True
71.8774 	DATA 	Keypress: 1
71.8895 	EXP 	Fixation1: autoDraw = True
71.9061 	EXP 	Fixation1: autoDraw = True
71.9228 	EXP 	Fixation1: autoDraw = True
71.9395 	EXP 	Fixation1: autoDraw = True
71.9562 	EXP 	Fixation1: autoDraw = True
71.9735 	EXP 	Fixation1: autoDraw = True
71.9896 	EXP 	Fixation1: autoDraw = True
72.0061 	EXP 	Fixation1: autoDraw = True
72.0228 	EXP 	Fixation1: autoDraw = True
72.0396 	EXP 	Fixation1: autoDraw = True
72.0563 	EXP 	Fixation1: autoDraw = True
72.0729 	EXP 	Fixation1: autoDraw = True
72.0896 	EXP 	Fixation1: autoDraw = True
72.0938 	DATA 	Keypress: 1
72.1064 	EXP 	Fixation1: autoDraw = True
72.1230 	EXP 	Fixation1: autoDraw = True
72.1387 	EXP 	Fixation1: autoDraw = True
72.1556 	EXP 	Fixation1: autoDraw = True
72.1722 	EXP 	Fixation1: autoDraw = True
72.1888 	EXP 	Fixation1: autoDraw = True
72.2054 	EXP 	Fixation1: autoDraw = True
72.2222 	EXP 	Fixation1: autoDraw = True
72.2389 	EXP 	Fixation1: autoDraw = True
72.2555 	EXP 	Fixation1: autoDraw = True
72.2731 	EXP 	Fixation1: autoDraw = True
72.2773 	DATA 	Keypress: 1
72.2890 	EXP 	Fixation1: autoDraw = True
72.3057 	EXP 	Fixation1: autoDraw = True
72.3222 	EXP 	Fixation1: autoDraw = True
72.3390 	EXP 	Fixation1: autoDraw = True
72.3565 	EXP 	Fixation1: autoDraw = True
72.3733 	EXP 	Fixation1: autoDraw = True
72.3898 	EXP 	Fixation1: autoDraw = True
72.4066 	EXP 	Fixation1: autoDraw = True
72.4233 	EXP 	Fixation1: autoDraw = True
72.4399 	EXP 	Fixation1: autoDraw = True
72.4566 	EXP 	Fixation1: autoDraw = True
72.4734 	EXP 	Fixation1: autoDraw = True
72.4779 	DATA 	Keypress: 1
72.4900 	EXP 	Fixation1: autoDraw = True
72.5067 	EXP 	Fixation1: autoDraw = True
72.5234 	EXP 	Fixation1: autoDraw = True
72.5400 	EXP 	Fixation1: autoDraw = True
72.5568 	EXP 	Fixation1: autoDraw = True
72.5734 	EXP 	Fixation1: autoDraw = True
72.5910 	EXP 	Fixation1: autoDraw = True
72.6067 	EXP 	Fixation1: autoDraw = True
72.6234 	EXP 	Fixation1: autoDraw = True
72.6401 	EXP 	Fixation1: autoDraw = True
72.6568 	EXP 	Fixation1: autoDraw = True
72.6733 	EXP 	Fixation1: autoDraw = True
72.6901 	EXP 	Fixation1: autoDraw = True
72.7069 	EXP 	Fixation1: autoDraw = True
72.7235 	EXP 	Fixation1: autoDraw = True
72.7394 	EXP 	Fixation1: autoDraw = True
72.7560 	EXP 	Fixation1: autoDraw = True
72.7727 	EXP 	Fixation1: autoDraw = True
72.7894 	EXP 	Fixation1: autoDraw = True
72.8060 	EXP 	Fixation1: autoDraw = True
72.8228 	EXP 	Fixation1: autoDraw = True
72.8394 	EXP 	Fixation1: autoDraw = True
72.8568 	EXP 	Fixation1: autoDraw = True
72.8736 	EXP 	Fixation1: autoDraw = True
72.8896 	EXP 	Fixation1: autoDraw = True
72.9061 	EXP 	Fixation1: autoDraw = True
72.9228 	EXP 	Fixation1: autoDraw = True
72.9395 	EXP 	Fixation1: autoDraw = True
72.9562 	EXP 	Fixation1: autoDraw = True
72.9729 	EXP 	Fixation1: autoDraw = True
72.9893 	EXP 	Fixation1: autoDraw = True
73.0067 	EXP 	Fixation1: autoDraw = True
73.0234 	EXP 	Fixation1: autoDraw = True
73.0402 	EXP 	Fixation1: autoDraw = True
73.0568 	EXP 	Fixation1: autoDraw = True
73.0736 	EXP 	Fixation1: autoDraw = True
73.0902 	EXP 	Fixation1: autoDraw = True
73.1069 	EXP 	Fixation1: autoDraw = True
73.1235 	EXP 	Fixation1: autoDraw = True
73.1410 	EXP 	Fixation1: autoDraw = True
73.1570 	EXP 	Fixation1: autoDraw = True
73.1737 	EXP 	Fixation1: autoDraw = True
73.1903 	EXP 	Fixation1: autoDraw = True
73.2070 	EXP 	Fixation1: autoDraw = True
73.2237 	EXP 	Fixation1: autoDraw = True
73.2403 	EXP 	Fixation1: autoDraw = True
73.2569 	EXP 	Fixation1: autoDraw = True
73.2737 	EXP 	Fixation1: autoDraw = True
73.2903 	EXP 	Fixation1: autoDraw = True
73.3070 	EXP 	Fixation1: autoDraw = True
73.3238 	EXP 	Fixation1: autoDraw = True
73.3403 	EXP 	Fixation1: autoDraw = True
73.3570 	EXP 	Fixation1: autoDraw = True
73.3749 	EXP 	Fixation1: autoDraw = True
73.3904 	EXP 	Fixation1: autoDraw = True
73.4071 	EXP 	Fixation1: autoDraw = True
73.4239 	EXP 	Fixation1: autoDraw = True
73.4405 	EXP 	Fixation1: autoDraw = True
73.4573 	EXP 	Fixation1: autoDraw = True
73.4738 	EXP 	Fixation1: autoDraw = True
73.4906 	EXP 	Fixation1: autoDraw = True
73.5073 	EXP 	Fixation1: autoDraw = True
73.5232 	EXP 	Fixation1: autoDraw = True
73.5398 	EXP 	Fixation1: autoDraw = True
73.5565 	EXP 	Fixation1: autoDraw = True
73.5732 	EXP 	Fixation1: autoDraw = True
73.5898 	EXP 	Fixation1: autoDraw = True
73.6066 	EXP 	Fixation1: autoDraw = True
73.6232 	EXP 	Fixation1: autoDraw = True
73.6399 	EXP 	Fixation1: autoDraw = True
73.6565 	EXP 	Fixation1: autoDraw = True
73.6733 	EXP 	Fixation1: autoDraw = True
73.6899 	EXP 	Fixation1: autoDraw = True
73.7075 	EXP 	Fixation1: autoDraw = True
73.7241 	EXP 	Fixation1: autoDraw = True
73.7407 	EXP 	Fixation1: autoDraw = True
73.7574 	EXP 	Fixation1: autoDraw = True
73.7628 	DATA 	Keypress: escape
73.7742 	EXP 	Fixation1: autoDraw = True
73.7908 	EXP 	Fixation1: autoDraw = True
73.8075 	EXP 	Fixation1: autoDraw = True
73.8242 	EXP 	Fixation1: autoDraw = True
73.8407 	EXP 	Fixation1: autoDraw = True
73.8575 	EXP 	Fixation1: autoDraw = True
73.8742 	EXP 	Fixation1: autoDraw = True
73.8909 	EXP 	Fixation1: autoDraw = True
74.4409 	EXP 	window1: mouseVisible = True
