1.2097 	WARNING 	We strongly recommend you activate the PTB sound engine in PsychoPy prefs as the preferred audio engine. Its timing is vastly superior. Your prefs are currently set to use ['sounddevice', 'PTB', 'pyo', 'pygame'] (in that order).
5.9692 	EXP 	Created window1 = Window(allowGUI=False, allowStencil=False, autoLog=True, backendConf=UNKNOWN, bitsMode=UNKNOWN, blendMode='avg', bpc=(8, 8, 8), color=array([-1., -1., -1.]), colorSpace='rgb', depthBits=8, fullscr=<method-wrapper '__getattribute__' of attributeSetter object at 0x000002296B772978>, gamma=None, gammaErrorPolicy='raise', lms=UNKNOWN, monitor=<psychopy.monitors.calibTools.Monitor object at 0x000002296A509630>, multiSample=False, name='window1', numSamples=2, pos=[0.0, 0.0], screen=0, size=array([1920, 1080]), stencilBits=0, stereo=False, units='height', useFBO=True, useRetina=False, viewOri=0.0, viewPos=None, viewScale=None, waitBlanking=True, winType='pyglet')
5.9698 	EXP 	window1: mouseVisible = True
5.9698 	EXP 	window1: recordFrameIntervals = False
6.1356 	EXP 	window1: recordFrameIntervals = True
6.3201 	EXP 	window1: recordFrameIntervals = False
6.6547 	EXP 	Created fixation = ImageStim(__class__=<class 'psychopy.visual.image.ImageStim'>, autoLog=True, color=array([1., 1., 1.]), colorSpace='rgb', contrast=1.0, depth=0.0, flipHoriz=False, flipVert=False, image='taskSamples/Fixation.png', interpolate=True, mask=None, maskParams=None, name='fixation', opacity=1, ori=0.0, pos=array([0., 0.]), size=array([0.8, 0.7]), texRes=128.0, units='height', win=Window(...))
6.6569 	EXP 	Created image1 = ImageStim(__class__=<class 'psychopy.visual.image.ImageStim'>, autoLog=True, color=array([1., 1., 1.]), colorSpace='rgb', contrast=1.0, depth=0.0, flipHoriz=False, flipVert=False, image='sin', interpolate=True, mask=None, maskParams=None, name='image1', opacity=1, ori=0.0, pos=array([0., 0.]), size=array([0.8, 0.7]), texRes=128.0, units='height', win=Window(...))
6.6589 	EXP 	Created image = ImageStim(__class__=<class 'psychopy.visual.image.ImageStim'>, autoLog=True, color=array([1., 1., 1.]), colorSpace='rgb', contrast=1.0, depth=0.0, flipHoriz=False, flipVert=False, image='sin', interpolate=True, mask=None, maskParams=None, name='image', opacity=1, ori=0.0, pos=array([0., 0.]), size=array([0.8, 0.7]), texRes=128.0, units='height', win=Window(...))
6.6610 	EXP 	Created image_2 = ImageStim(__class__=<class 'psychopy.visual.image.ImageStim'>, autoLog=True, color=array([1., 1., 1.]), colorSpace='rgb', contrast=1.0, depth=0.0, flipHoriz=False, flipVert=False, image='sin', interpolate=True, mask=None, maskParams=None, name='image_2', opacity=1, ori=0.0, pos=array([0., 0.]), size=array([0.8, 0.7]), texRes=128.0, units='height', win=Window(...))
6.6750 	EXP 	Imported trial.xlsx as conditions, 50 conditions, 8 params
6.6753 	EXP 	Created sequence: sequential, trialTypes=50, nReps=1, seed=None
6.6756 	EXP 	New trial (rep=0, index=0): {'trialN': 1, 'images1': 'taskSamples\\A6_1.png', 'duration1': 8, 'images2': None, 'duration2': 0, 'images3': None, 'duration3': 0, 'correctAns': 1}
6.7103 	EXP 	fixation: autoDraw = True
7.4986 	EXP 	fixation: autoDraw = False
7.4986 	EXP 	image1: autoDraw = True
15.4952 	EXP 	New trial (rep=0, index=1): {'trialN': 2, 'images1': 'taskSamples\\A20_2.png', 'duration1': 8, 'images2': None, 'duration2': 0, 'images3': None, 'duration3': 0, 'correctAns': 2}
15.5145 	EXP 	image1: autoDraw = False
15.5145 	EXP 	image1: autoDraw = False
15.5145 	EXP 	image: autoDraw = True
15.5145 	EXP 	image: autoDraw = False
15.5145 	EXP 	image: autoDraw = False
15.5145 	EXP 	image_2: autoDraw = True
15.5145 	EXP 	image_2: autoDraw = False
15.5145 	EXP 	image_2: autoDraw = False
15.5145 	EXP 	fixation: autoDraw = True
16.3168 	EXP 	fixation: autoDraw = False
16.3168 	EXP 	image1: autoDraw = True
24.3253 	EXP 	New trial (rep=0, index=2): {'trialN': 3, 'images1': 'taskSamples\\B17.png', 'duration1': 5, 'images2': None, 'duration2': 0, 'images3': None, 'duration3': 0, 'correctAns': 2}
24.3355 	EXP 	image1: autoDraw = False
24.3355 	EXP 	image1: autoDraw = False
24.3355 	EXP 	image: autoDraw = True
24.3355 	EXP 	image: autoDraw = False
24.3355 	EXP 	image: autoDraw = False
24.3355 	EXP 	image_2: autoDraw = True
24.3355 	EXP 	image_2: autoDraw = False
24.3355 	EXP 	image_2: autoDraw = False
24.3355 	EXP 	fixation: autoDraw = True
25.1571 	EXP 	fixation: autoDraw = False
25.1571 	EXP 	fixation: autoDraw = False
25.1571 	EXP 	image1: autoDraw = True
30.1535 	EXP 	New trial (rep=0, index=3): {'trialN': 4, 'images1': 'taskSamples\\B8.png', 'duration1': 5, 'images2': None, 'duration2': 0, 'images3': None, 'duration3': 0, 'correctAns': 2}
30.1627 	EXP 	image1: autoDraw = False
30.1627 	EXP 	image1: autoDraw = False
30.1627 	EXP 	image: autoDraw = True
30.1627 	EXP 	image: autoDraw = False
30.1627 	EXP 	image: autoDraw = False
30.1627 	EXP 	image_2: autoDraw = True
30.1627 	EXP 	image_2: autoDraw = False
30.1627 	EXP 	image_2: autoDraw = False
30.1627 	EXP 	fixation: autoDraw = True
30.9667 	EXP 	fixation: autoDraw = False
30.9667 	EXP 	fixation: autoDraw = False
30.9667 	EXP 	image1: autoDraw = True
35.9683 	EXP 	New trial (rep=0, index=4): {'trialN': 5, 'images1': 'taskSamples\\C4_Spatial_ADD_1.png', 'duration1': 8, 'images2': 'taskSamples\\C4_Spatial_ADD_2.png', 'duration2': 2, 'images3': 'taskSamples\\C4_Spatial_ADD_3.png', 'duration3': 5, 'correctAns': 1}
35.9790 	EXP 	image1: autoDraw = False
35.9790 	EXP 	image1: autoDraw = False
35.9790 	EXP 	image: autoDraw = True
35.9790 	EXP 	image: autoDraw = False
35.9790 	EXP 	image: autoDraw = False
35.9790 	EXP 	image_2: autoDraw = True
35.9790 	EXP 	image_2: autoDraw = False
35.9790 	EXP 	image_2: autoDraw = False
35.9790 	EXP 	fixation: autoDraw = True
36.8005 	EXP 	fixation: autoDraw = False
36.8005 	EXP 	fixation: autoDraw = False
36.8005 	EXP 	image1: autoDraw = True
44.8410 	EXP 	image1: autoDraw = False
44.8410 	EXP 	image1: autoDraw = False
44.8410 	EXP 	image: autoDraw = True
46.8594 	EXP 	image: autoDraw = False
46.8594 	EXP 	image: autoDraw = False
46.8594 	EXP 	image_2: autoDraw = True
51.8499 	EXP 	New trial (rep=0, index=5): {'trialN': 6, 'images1': 'taskSamples\\C3_Episodic_SUB_1.png', 'duration1': 8, 'images2': 'taskSamples\\C3_Episodic_SUB_2.png', 'duration2': 2, 'images3': 'taskSamples\\C3_Episodic_SUB_3.png', 'duration3': 5, 'correctAns': 1}
51.8650 	EXP 	image_2: autoDraw = False
51.8650 	EXP 	image_2: autoDraw = False
51.8650 	EXP 	fixation: autoDraw = True
52.6906 	EXP 	fixation: autoDraw = False
52.6906 	EXP 	fixation: autoDraw = False
52.6906 	EXP 	image1: autoDraw = True
60.7076 	EXP 	image1: autoDraw = False
60.7076 	EXP 	image1: autoDraw = False
60.7076 	EXP 	image: autoDraw = True
62.7430 	EXP 	image: autoDraw = False
62.7430 	EXP 	image: autoDraw = False
62.7430 	EXP 	image_2: autoDraw = True
67.7351 	EXP 	New trial (rep=0, index=6): {'trialN': 7, 'images1': 'taskSamples\\B18.png', 'duration1': 5, 'images2': None, 'duration2': 0, 'images3': None, 'duration3': 0, 'correctAns': 2}
67.7473 	EXP 	image_2: autoDraw = False
67.7473 	EXP 	image_2: autoDraw = False
67.7473 	EXP 	fixation: autoDraw = True
68.5701 	EXP 	fixation: autoDraw = False
68.5701 	EXP 	fixation: autoDraw = False
68.5701 	EXP 	image1: autoDraw = True
71.8017 	DATA 	Keypress: escape
71.9487 	EXP 	window1: mouseVisible = True
