1.1797 	WARNING 	We strongly recommend you activate the PTB sound engine in PsychoPy prefs as the preferred audio engine. Its timing is vastly superior. Your prefs are currently set to use ['sounddevice', 'PTB', 'pyo', 'pygame'] (in that order).
5.6900 	EXP 	Created window1 = Window(allowGUI=False, allowStencil=False, autoLog=True, backendConf=UNKNOWN, bitsMode=UNKNOWN, blendMode='avg', bpc=(8, 8, 8), color=array([-1., -1., -1.]), colorSpace='rgb', depthBits=8, fullscr=<method-wrapper '__getattribute__' of attributeSetter object at 0x000002C47BEE2828>, gamma=None, gammaErrorPolicy='raise', lms=UNKNOWN, monitor=<psychopy.monitors.calibTools.Monitor object at 0x000002C47AC795C0>, multiSample=False, name='window1', numSamples=2, pos=[0.0, 0.0], screen=0, size=array([1920, 1080]), stencilBits=0, stereo=False, units='height', useFBO=True, useRetina=False, viewOri=0.0, viewPos=None, viewScale=None, waitBlanking=True, winType='pyglet')
5.6902 	EXP 	window1: mouseVisible = True
5.6902 	EXP 	window1: recordFrameIntervals = False
5.8573 	EXP 	window1: recordFrameIntervals = True
6.0401 	EXP 	window1: recordFrameIntervals = False
6.3581 	EXP 	Created fixation = ImageStim(__class__=<class 'psychopy.visual.image.ImageStim'>, autoLog=True, color=array([1., 1., 1.]), colorSpace='rgb', contrast=1.0, depth=0.0, flipHoriz=False, flipVert=False, image='taskSamples/Fixation.png', interpolate=True, mask=None, maskParams=None, name='fixation', opacity=1, ori=0.0, pos=array([0., 0.]), size=array([0.8, 0.7]), texRes=128.0, units='height', win=Window(...))
6.3603 	EXP 	Created image1 = ImageStim(__class__=<class 'psychopy.visual.image.ImageStim'>, autoLog=True, color=array([1., 1., 1.]), colorSpace='rgb', contrast=1.0, depth=0.0, flipHoriz=False, flipVert=False, image='sin', interpolate=True, mask=None, maskParams=None, name='image1', opacity=1, ori=0.0, pos=array([0., 0.]), size=array([0.8, 0.7]), texRes=128.0, units='height', win=Window(...))
6.3622 	EXP 	Created image = ImageStim(__class__=<class 'psychopy.visual.image.ImageStim'>, autoLog=True, color=array([1., 1., 1.]), colorSpace='rgb', contrast=1.0, depth=0.0, flipHoriz=False, flipVert=False, image='sin', interpolate=True, mask=None, maskParams=None, name='image', opacity=1, ori=0.0, pos=array([0., 0.]), size=array([0.5, 0.5]), texRes=128.0, units='height', win=Window(...))
6.3641 	EXP 	Created image_2 = ImageStim(__class__=<class 'psychopy.visual.image.ImageStim'>, autoLog=True, color=array([1., 1., 1.]), colorSpace='rgb', contrast=1.0, depth=0.0, flipHoriz=False, flipVert=False, image='sin', interpolate=True, mask=None, maskParams=None, name='image_2', opacity=1, ori=0.0, pos=array([0., 0.]), size=array([0.8, 0.7]), texRes=128.0, units='height', win=Window(...))
6.3782 	EXP 	Imported trial.xlsx as conditions, 50 conditions, 8 params
6.3786 	EXP 	Created sequence: sequential, trialTypes=50, nReps=1, seed=None
6.3788 	EXP 	New trial (rep=0, index=0): {'trialN': 1, 'images1': 'taskSamples\\A6_1.png', 'duration1': 8, 'images2': None, 'duration2': 0, 'images3': None, 'duration3': 0, 'correctAns': 1}
6.4151 	EXP 	fixation: autoDraw = True
7.1989 	EXP 	fixation: autoDraw = False
7.1989 	EXP 	image1: autoDraw = True
15.1996 	EXP 	New trial (rep=0, index=1): {'trialN': 2, 'images1': 'taskSamples\\A20_2.png', 'duration1': 8, 'images2': None, 'duration2': 0, 'images3': None, 'duration3': 0, 'correctAns': 2}
15.2182 	EXP 	image1: autoDraw = False
15.2182 	EXP 	image1: autoDraw = False
15.2182 	EXP 	image: autoDraw = True
15.2182 	EXP 	image: autoDraw = False
15.2182 	EXP 	image: autoDraw = False
15.2182 	EXP 	image_2: autoDraw = True
15.2182 	EXP 	image_2: autoDraw = False
15.2182 	EXP 	image_2: autoDraw = False
15.2182 	EXP 	fixation: autoDraw = True
16.0397 	EXP 	fixation: autoDraw = False
16.0397 	EXP 	image1: autoDraw = True
24.0295 	EXP 	New trial (rep=0, index=2): {'trialN': 3, 'images1': 'taskSamples\\B17.png', 'duration1': 5, 'images2': None, 'duration2': 0, 'images3': None, 'duration3': 0, 'correctAns': 2}
24.0405 	EXP 	image1: autoDraw = False
24.0405 	EXP 	image1: autoDraw = False
24.0405 	EXP 	image: autoDraw = True
24.0405 	EXP 	image: autoDraw = False
24.0405 	EXP 	image: autoDraw = False
24.0405 	EXP 	image_2: autoDraw = True
24.0405 	EXP 	image_2: autoDraw = False
24.0405 	EXP 	image_2: autoDraw = False
24.0405 	EXP 	fixation: autoDraw = True
24.8620 	EXP 	fixation: autoDraw = False
24.8620 	EXP 	fixation: autoDraw = False
24.8620 	EXP 	image1: autoDraw = True
29.8705 	EXP 	New trial (rep=0, index=3): {'trialN': 4, 'images1': 'taskSamples\\B8.png', 'duration1': 5, 'images2': None, 'duration2': 0, 'images3': None, 'duration3': 0, 'correctAns': 2}
29.8791 	EXP 	image1: autoDraw = False
29.8791 	EXP 	image1: autoDraw = False
29.8791 	EXP 	image: autoDraw = True
29.8791 	EXP 	image: autoDraw = False
29.8791 	EXP 	image: autoDraw = False
29.8791 	EXP 	image_2: autoDraw = True
29.8791 	EXP 	image_2: autoDraw = False
29.8791 	EXP 	image_2: autoDraw = False
29.8791 	EXP 	fixation: autoDraw = True
30.6840 	EXP 	fixation: autoDraw = False
30.6840 	EXP 	fixation: autoDraw = False
30.6840 	EXP 	image1: autoDraw = True
35.7023 	EXP 	New trial (rep=0, index=4): {'trialN': 5, 'images1': 'taskSamples\\C4_Spatial_ADD_1.png', 'duration1': 8, 'images2': 'taskSamples\\C4_Spatial_ADD_2.png', 'duration2': 2, 'images3': 'taskSamples\\C4_Spatial_ADD_3.png', 'duration3': 5, 'correctAns': 1}
35.7139 	EXP 	image1: autoDraw = False
35.7139 	EXP 	image1: autoDraw = False
35.7139 	EXP 	image: autoDraw = True
35.7139 	EXP 	image: autoDraw = False
35.7139 	EXP 	image: autoDraw = False
35.7139 	EXP 	image_2: autoDraw = True
35.7139 	EXP 	image_2: autoDraw = False
35.7139 	EXP 	image_2: autoDraw = False
35.7139 	EXP 	fixation: autoDraw = True
36.5350 	EXP 	fixation: autoDraw = False
36.5350 	EXP 	fixation: autoDraw = False
36.5350 	EXP 	image1: autoDraw = True
44.5712 	EXP 	image1: autoDraw = False
44.5712 	EXP 	image1: autoDraw = False
44.5712 	EXP 	image: autoDraw = True
46.6064 	EXP 	image: autoDraw = False
46.6064 	EXP 	image: autoDraw = False
46.6064 	EXP 	image_2: autoDraw = True
51.6146 	EXP 	New trial (rep=0, index=5): {'trialN': 6, 'images1': 'taskSamples\\C3_Episodic_SUB_1.png', 'duration1': 8, 'images2': 'taskSamples\\C3_Episodic_SUB_2.png', 'duration2': 2, 'images3': 'taskSamples\\C3_Episodic_SUB_3.png', 'duration3': 5, 'correctAns': 1}
51.6282 	EXP 	image_2: autoDraw = False
51.6282 	EXP 	image_2: autoDraw = False
51.6282 	EXP 	fixation: autoDraw = True
52.2637 	DATA 	Keypress: escape
52.4012 	EXP 	window1: mouseVisible = True
